1510 2999
8
0 1 93 252
1 1 529 10
2 1 0 332
3 1 492 291
4 1 430 93
5 1 195 360
6 1 50 222
7 1 90 141
8
0 1 93 252
1 1 529 10
2 1 0 332
3 1 492 291
4 1 430 93
5 1 195 360
6 1 50 222
7 1 90 141
8
0 1 93 252
1 1 529 10
2 1 0 332
3 1 492 291
4 1 430 93
5 1 195 360
6 1 50 222
7 1 90 141
8
0 1 93 253
1 1 528 11
2 1 2 330
3 1 491 290
4 1 426 95
5 1 197 361
6 1 52 222
7 1 91 140
8
0 1 97 252
1 1 526 11
2 1 2 327
3 1 487 287
4 1 419 96
5 1 202 362
6 1 47 222
7 1 93 140
8
0 1 105 249
1 1 527 11
2 1 2 325
3 1 481 280
4 1 410 93
5 1 212 363
6 1 35 222
7 1 92 142
9
0 1 114 245
1 1 530 11
2 1 0 324
3 1 476 273
4 1 401 91
5 1 221 362
6 1 33 222
7 1 89 143
10 1 623 68
9
0 1 124 241
1 1 531 11
2 1 0 316
3 1 475 270
4 1 394 90
5 1 221 365
6 1 36 221
7 1 89 142
10 1 623 68
9
0 1 130 237
1 1 531 10
2 1 3 298
3 1 476 270
4 1 390 88
5 1 217 366
6 1 44 220
7 1 96 140
10 1 623 68
9
0 1 130 233
1 1 531 10
2 1 5 282
3 1 476 273
4 1 391 88
5 1 206 364
6 1 58 217
7 1 104 138
10 1 623 69
9
0 1 129 234
1 1 530 11
2 1 11 275
3 1 476 276
4 1 394 92
5 1 192 363
6 1 68 212
7 1 106 137
10 1 623 70
9
0 1 129 236
1 1 528 11
2 1 14 271
3 1 475 275
4 1 395 97
5 1 184 361
6 1 74 210
7 1 106 138
10 1 623 72
9
0 1 127 237
1 1 527 12
2 1 13 272
3 1 473 274
4 1 392 100
5 1 182 361
6 1 84 209
7 1 104 139
10 1 622 73
9
0 1 126 237
1 1 528 15
2 1 4 288
3 1 468 275
4 1 388 101
5 1 185 360
6 1 88 208
7 1 103 140
10 1 622 75
9
0 1 128 237
1 1 529 17
2 1 4 295
3 1 459 278
4 1 388 97
5 1 190 358
6 1 90 208
7 1 101 139
10 1 621 76
9
0 1 133 233
1 1 531 18
2 1 8 296
3 1 446 280
4 1 383 95
5 1 197 357
6 1 87 207
7 1 101 138
10 1 620 78
9
0 1 140 229
1 1 530 18
2 1 7 300
3 1 437 278
4 1 375 97
5 1 212 358
6 1 82 204
7 1 100 136
10 1 620 79
9
0 1 145 227
1 1 528 18
2 1 3 305
3 1 430 276
4 1 370 102
5 1 244 358
6 1 84 203
7 1 105 132
10 1 619 81
9
0 1 145 225
1 1 528 19
2 1 0 307
3 1 431 275
4 1 366 103
5 1 261 355
6 1 94 202
7 1 107 131
10 1 603 74
9
0 1 143 226
1 1 527 20
2 1 0 305
3 1 440 273
4 1 361 101
5 1 262 355
6 1 101 200
7 1 115 129
10 1 590 69
9
0 1 147 229
1 1 526 19
2 1 3 301
3 1 444 272
4 1 356 100
5 1 264 356
6 1 99 199
7 1 123 129
10 1 581 65
9
0 1 154 230
1 1 526 19
2 1 5 298
3 1 445 272
4 1 352 101
5 1 263 359
6 1 94 196
7 1 128 129
10 1 576 62
9
0 1 160 231
1 1 527 19
2 1 6 300
3 1 445 274
4 1 351 101
5 1 269 358
6 1 95 194
7 1 130 130
10 1 560 64
9
0 1 165 231
1 1 525 21
2 1 6 303
3 1 443 276
4 1 352 100
5 1 265 358
6 1 96 196
7 1 128 134
10 1 537 63
9
0 1 169 229
1 1 524 23
2 1 7 305
3 1 440 276
4 1 351 101
5 1 261 356
6 1 97 196
7 1 127 137
10 1 521 62
9
0 1 172 228
1 1 524 24
2 1 10 303
3 1 439 275
4 1 351 102
5 1 260 354
6 1 94 196
7 1 129 132
10 1 516 62
9
0 1 171 228
1 1 525 26
2 1 14 302
3 1 437 273
4 1 349 104
5 1 261 355
6 1 98 194
7 1 131 129
10 1 511 63
10
0 1 171 225
1 1 526 26
2 1 19 303
3 1 435 271
4 1 351 104
5 1 264 355
6 1 101 193
7 1 128 132
10 1 509 63
12 1 44 270
10
0 1 169 222
1 1 527 26
2 1 25 304
3 1 429 271
4 1 354 102
5 1 265 354
6 1 101 193
7 1 127 135
10 1 518 61
11 1 44 270
10
0 1 164 221
1 1 528 27
2 1 31 304
3 1 424 272
4 1 351 100
5 1 265 355
6 1 109 190
7 1 131 134
10 1 531 62
11 1 44 270
10
0 1 162 221
1 1 529 27
2 1 36 303
3 1 418 266
4 1 343 99
5 1 265 359
6 1 125 183
7 1 135 132
10 1 538 67
11 1 40 271
10
0 1 166 219
1 1 529 28
2 1 39 303
3 1 413 263
4 1 331 99
5 1 267 362
6 1 136 179
7 1 147 128
10 1 542 68
11 1 39 272
10
0 1 174 218
1 1 528 28
2 1 39 301
3 1 411 260
4 1 320 101
5 1 267 361
6 1 135 182
7 1 156 126
10 1 547 68
11 1 42 271
10
0 1 187 217
1 1 526 25
2 1 43 298
3 1 412 260
4 1 314 102
5 1 268 358
6 1 133 185
7 1 156 124
10 1 550 67
11 1 48 269
10
0 1 192 217
1 1 528 25
2 1 45 296
3 1 412 260
4 1 313 101
5 1 271 356
6 1 133 185
7 1 154 121
10 1 550 67
11 1 51 266
10
0 1 191 215
1 1 529 26
2 1 57 299
3 1 414 259
4 1 317 103
5 1 272 357
6 1 133 184
7 1 152 120
10 1 546 66
11 1 50 266
10
0 1 187 217
1 1 529 26
2 1 65 304
3 1 410 262
4 1 320 103
5 1 273 357
6 1 128 186
7 1 159 114
10 1 539 66
11 1 49 265
10
0 1 180 218
1 1 529 21
2 1 68 306
3 1 400 258
4 1 320 103
5 1 274 356
6 1 126 187
7 1 174 107
10 1 535 67
11 1 47 262
10
0 1 184 217
1 1 529 18
2 1 66 306
3 1 392 255
4 1 317 105
5 1 273 355
6 1 129 187
7 1 175 104
10 1 536 68
11 1 44 260
10
0 1 186 219
1 1 529 16
2 1 66 303
3 1 391 256
4 1 312 106
5 1 272 354
6 1 128 189
7 1 180 101
10 1 540 64
11 1 48 257
10
0 1 193 216
1 1 529 17
2 1 66 301
3 1 394 258
4 1 313 103
5 1 272 353
6 1 131 187
7 1 179 100
10 1 542 60
11 1 58 255
10
0 1 203 209
1 1 533 21
2 1 68 302
3 1 394 260
4 1 315 99
5 1 269 355
6 1 141 181
7 1 173 104
10 1 539 56
11 1 68 248
10
0 1 203 207
1 1 535 28
2 1 73 303
3 1 393 259
4 1 313 99
5 1 268 357
6 1 144 178
7 1 175 104
10 1 526 52
11 1 82 243
10
0 1 196 208
1 1 534 36
2 1 74 301
3 1 391 258
4 1 306 101
5 1 269 357
6 1 141 179
7 1 178 104
10 1 512 48
11 1 94 241
10
0 1 191 210
1 1 536 41
2 1 75 299
3 1 389 252
4 1 298 105
5 1 271 356
6 1 136 181
7 1 180 107
10 1 504 48
11 1 98 243
10
0 1 191 210
1 1 541 41
2 1 74 298
3 1 385 251
4 1 294 108
5 1 272 357
6 1 137 182
7 1 183 109
10 1 503 48
11 1 99 249
10
0 1 187 211
1 1 548 37
2 1 72 301
3 1 381 252
4 1 291 110
5 1 273 357
6 1 142 182
7 1 180 113
10 1 504 49
11 1 105 254
10
0 1 188 212
1 1 551 34
2 1 73 304
3 1 377 256
4 1 288 113
5 1 274 358
6 1 149 181
7 1 168 121
10 1 504 50
11 1 118 266
9
0 1 190 215
1 1 553 32
2 1 73 304
3 1 375 257
4 1 284 113
6 1 159 179
7 1 162 123
10 1 507 50
11 1 124 284
9
0 1 197 211
1 1 552 33
2 1 74 303
3 1 375 257
4 1 282 114
6 1 163 177
7 1 163 121
10 1 504 51
11 1 117 306
9
0 1 206 203
1 1 546 33
2 1 75 303
3 1 376 257
4 1 280 113
6 1 168 176
7 1 164 121
10 1 504 49
11 1 101 320
9
0 1 217 197
1 1 540 35
2 1 79 300
3 1 376 258
4 1 280 111
6 1 163 178
7 1 173 121
10 1 505 49
11 1 97 325
9
0 1 220 197
1 1 541 37
2 1 85 297
3 1 376 258
4 1 280 112
6 1 157 176
7 1 179 122
10 1 504 51
11 1 96 300
9
0 1 224 198
1 1 545 38
2 1 92 295
3 1 376 257
4 1 282 114
6 1 152 176
7 1 190 117
10 1 501 48
11 1 92 273
9
0 1 229 199
1 1 551 39
2 1 99 295
3 1 376 257
4 1 280 113
6 1 148 175
7 1 197 110
10 1 500 45
11 1 91 258
9
0 1 231 199
1 1 553 42
2 1 105 299
3 1 377 258
4 1 278 111
6 1 144 177
7 1 197 105
10 1 499 46
11 1 94 256
9
0 1 231 200
1 1 553 42
2 1 105 303
3 1 369 261
4 1 268 112
6 1 147 180
7 1 197 103
10 1 488 46
11 1 100 266
9
0 1 229 201
1 1 553 41
2 1 119 302
3 1 357 264
4 1 259 117
6 1 157 173
7 1 194 109
10 1 474 47
11 1 100 271
9
0 1 228 200
1 1 553 42
2 1 127 302
3 1 346 267
4 1 254 119
6 1 171 170
7 1 192 111
10 1 463 46
11 1 99 274
9
0 1 233 198
1 1 551 42
2 1 134 303
3 1 342 265
4 1 251 119
6 1 185 171
7 1 193 111
10 1 457 46
11 1 102 274
9
0 1 236 194
1 1 551 43
2 1 136 304
3 1 339 262
4 1 245 118
6 1 195 177
7 1 194 111
10 1 454 46
11 1 92 279
9
0 1 237 192
1 1 550 44
2 1 135 305
3 1 337 259
4 1 248 116
6 1 202 177
7 1 189 113
10 1 459 45
11 1 82 286
9
0 1 238 193
1 1 550 47
2 1 136 304
3 1 325 256
4 1 250 117
6 1 207 177
7 1 196 112
10 1 468 44
11 1 84 288
9
0 1 245 191
1 1 552 48
2 1 128 304
3 1 310 254
4 1 250 120
6 1 208 177
7 1 203 110
10 1 472 42
11 1 98 285
9
0 1 257 188
1 1 555 48
2 1 119 304
3 1 300 254
4 1 253 121
6 1 204 174
7 1 210 110
10 1 471 43
11 1 126 277
9
0 1 268 186
1 1 556 49
2 1 121 302
3 1 296 252
4 1 251 121
6 1 199 169
7 1 214 110
10 1 471 46
11 1 147 275
9
0 1 272 185
1 1 554 48
2 1 127 299
3 1 298 252
4 1 247 124
6 1 196 167
7 1 213 109
10 1 470 48
11 1 143 281
9
0 1 271 185
1 1 552 47
2 1 130 290
3 1 305 250
4 1 245 126
6 1 193 169
7 1 221 106
10 1 468 43
11 1 155 290
9
0 1 265 186
1 1 551 48
2 1 132 276
3 1 320 251
4 1 241 129
6 1 194 171
7 1 227 103
10 1 464 36
11 1 164 297
9
0 1 274 180
1 1 555 52
2 1 134 267
3 1 329 251
4 1 240 127
6 1 198 172
7 1 229 100
10 1 459 34
11 1 155 304
9
0 1 284 172
1 1 561 56
2 1 143 265
3 1 328 252
4 1 233 131
6 1 203 173
7 1 230 99
10 1 457 36
11 1 147 312
9
0 1 290 168
1 1 566 58
2 1 152 268
3 1 336 249
4 1 225 134
6 1 205 172
7 1 231 99
10 1 453 38
11 1 146 318
9
0 1 290 171
1 1 568 59
2 1 153 271
3 1 341 248
4 1 216 136
6 1 205 171
7 1 232 99
10 1 443 37
11 1 146 322
9
0 1 290 176
1 1 568 61
2 1 150 279
3 1 343 248
4 1 210 138
6 1 206 170
7 1 229 100
10 1 430 34
11 1 145 321
9
0 1 295 174
1 1 567 62
2 1 157 282
3 1 337 247
4 1 204 139
6 1 206 169
7 1 227 101
10 1 420 33
11 1 155 314
9
0 1 301 167
1 1 564 62
2 1 163 280
3 1 328 243
4 1 202 138
6 1 204 169
7 1 226 103
10 1 412 32
11 1 167 302
9
0 1 305 165
1 1 562 62
2 1 167 280
3 1 320 243
4 1 205 135
6 1 203 169
7 1 224 105
10 1 408 31
11 1 177 293
9
0 1 306 165
1 1 562 63
2 1 170 286
3 1 316 243
4 1 218 131
6 1 201 172
7 1 223 105
10 1 407 30
11 1 193 275
9
0 1 302 165
1 1 563 64
2 1 172 295
3 1 314 246
4 1 215 131
6 1 195 178
7 1 224 103
10 1 411 26
11 1 198 267
9
0 1 298 165
1 1 563 65
2 1 168 305
3 1 314 247
4 1 216 133
6 1 201 175
7 1 227 100
10 1 422 22
11 1 196 267
9
0 1 295 164
1 1 564 66
2 1 171 310
3 1 320 243
4 1 209 137
6 1 224 161
7 1 232 100
10 1 430 22
11 1 196 270
9
0 1 293 165
1 1 563 66
2 1 177 310
3 1 305 240
4 1 196 142
6 1 232 155
7 1 236 100
10 1 431 21
11 1 196 272
9
0 1 292 169
1 1 562 68
2 1 185 305
3 1 288 236
4 1 187 141
6 1 233 154
7 1 238 101
10 1 428 18
11 1 205 272
9
0 1 292 169
1 1 561 70
2 1 190 303
3 1 276 234
4 1 181 138
6 1 235 154
7 1 241 101
10 1 423 16
11 1 219 269
9
0 1 293 167
1 1 562 73
2 1 191 302
3 1 277 231
4 1 177 137
6 1 236 155
7 1 244 101
10 1 418 14
11 1 223 267
9
0 1 295 166
1 1 563 74
2 1 186 302
3 1 281 227
4 1 173 139
6 1 232 156
7 1 245 98
10 1 414 12
11 1 223 264
9
0 1 295 165
1 1 563 77
2 1 187 301
3 1 304 224
4 1 179 143
6 1 234 156
7 1 245 95
10 1 404 16
11 1 216 268
9
0 1 295 164
1 1 564 80
2 1 190 299
3 1 316 221
4 1 184 144
6 1 237 154
7 1 244 94
10 1 393 24
11 1 212 274
9
0 1 293 164
1 1 564 82
2 1 200 300
3 1 321 220
4 1 180 143
6 1 239 150
7 1 241 96
10 1 388 24
11 1 211 276
9
0 1 293 164
1 1 562 82
2 1 210 302
3 1 309 221
4 1 173 142
6 1 248 146
7 1 239 98
10 1 389 23
11 1 209 276
9
0 1 296 164
1 1 566 81
2 1 213 301
3 1 292 224
4 1 175 142
6 1 267 138
7 1 241 98
10 1 389 22
11 1 205 279
9
0 1 299 164
1 1 574 77
2 1 211 299
3 1 263 232
4 1 174 143
6 1 280 131
7 1 250 97
10 1 388 23
11 1 208 281
9
0 1 301 163
1 1 579 76
2 1 208 300
3 1 239 244
4 1 172 144
6 1 285 127
7 1 256 95
10 1 388 24
11 1 211 280
9
0 1 314 158
1 1 583 81
2 1 205 302
3 1 233 247
4 1 170 145
6 1 283 129
7 1 258 94
10 1 384 23
11 1 209 280
9
0 1 329 151
1 1 587 86
2 1 204 302
3 1 236 246
4 1 175 144
6 1 277 133
7 1 258 92
10 1 382 22
11 1 205 280
9
0 1 339 150
1 1 588 88
2 1 207 302
3 1 255 239
4 1 177 145
6 1 263 141
7 1 259 91
10 1 383 23
11 1 206 282
9
0 1 339 152
1 1 587 88
2 1 212 301
3 1 260 237
4 1 178 146
6 1 255 146
7 1 259 93
10 1 383 23
11 1 213 284
9
0 1 335 155
1 1 583 90
2 1 215 301
3 1 253 235
4 1 169 151
6 1 248 149
7 1 269 89
10 1 381 24
11 1 221 284
9
0 1 331 155
1 1 580 91
2 1 211 303
3 1 254 232
4 1 154 157
6 1 246 151
7 1 279 88
10 1 378 24
11 1 231 281
9
0 1 328 153
1 1 580 88
2 1 207 304
3 1 259 227
4 1 151 160
6 1 247 152
7 1 284 86
10 1 370 21
11 1 241 277
9
0 1 326 152
1 1 579 86
2 1 207 302
3 1 242 230
4 1 154 157
6 1 251 150
7 1 286 85
10 1 364 19
11 1 244 276
9
0 1 329 152
1 1 579 88
2 1 210 301
3 1 226 232
4 1 154 152
6 1 260 144
7 1 291 84
10 1 358 18
11 1 240 276
9
0 1 335 150
1 1 579 92
2 1 203 306
3 1 219 233
4 1 154 149
6 1 266 140
7 1 299 83
10 1 354 16
11 1 242 276
9
0 1 338 150
1 1 578 95
2 1 200 309
3 1 220 233
4 1 151 150
6 1 266 140
7 1 304 86
10 1 352 17
11 1 248 279
9
0 1 341 151
1 1 579 98
2 1 201 311
3 1 225 233
4 1 146 152
6 1 264 140
7 1 305 89
10 1 352 17
11 1 255 279
9
0 1 343 153
1 1 577 100
2 1 207 312
3 1 224 235
4 1 150 152
6 1 271 135
7 1 302 89
10 1 352 16
11 1 254 281
9
0 1 343 156
1 1 573 101
2 1 224 309
3 1 228 235
4 1 152 157
6 1 283 127
7 1 301 88
10 1 350 15
11 1 252 283
9
0 1 343 157
1 1 573 101
2 1 243 301
3 1 235 237
4 1 155 161
6 1 301 116
7 1 301 86
10 1 350 14
11 1 249 284
9
0 1 345 156
1 1 576 101
2 1 248 299
3 1 238 239
4 1 152 164
6 1 309 112
7 1 300 85
10 1 349 17
11 1 247 284
9
0 1 353 151
1 1 578 102
2 1 246 299
3 1 237 240
4 1 149 167
6 1 315 112
7 1 301 85
10 1 348 18
11 1 246 284
9
0 1 360 150
1 1 582 106
2 1 241 305
3 1 231 238
4 1 143 169
6 1 320 113
7 1 304 86
10 1 347 16
11 1 246 284
9
0 1 363 150
1 1 582 109
2 1 237 312
3 1 237 235
4 1 140 169
6 1 322 115
7 1 308 82
10 1 345 15
11 1 249 283
9
0 1 366 148
1 1 581 110
2 1 246 311
3 1 247 230
4 1 139 169
6 1 323 120
7 1 312 81
10 1 344 16
11 1 250 281
9
0 1 371 145
1 1 581 107
2 1 258 308
3 1 234 228
4 1 139 169
6 1 325 123
7 1 315 81
10 1 343 18
11 1 248 280
9
0 1 374 144
1 1 581 107
2 1 267 303
3 1 213 232
4 1 137 170
6 1 326 123
7 1 320 81
10 1 336 21
11 1 239 284
9
0 1 368 147
1 1 582 107
2 1 270 299
3 1 202 239
4 1 135 168
6 1 325 123
7 1 322 79
10 1 326 24
11 1 221 291
9
0 1 367 153
1 1 583 106
2 1 271 298
3 1 178 248
4 1 136 169
6 1 318 120
7 1 321 77
10 1 313 25
11 1 220 291
9
0 1 371 158
1 1 583 106
2 1 280 297
3 1 167 253
4 1 138 169
6 1 316 115
7 1 318 76
10 1 307 21
11 1 226 286
9
0 1 373 158
1 1 584 107
2 1 283 296
3 1 167 248
4 1 139 168
6 1 317 111
7 1 321 75
10 1 308 17
11 1 242 277
9
0 1 372 152
1 1 585 110
2 1 283 297
3 1 174 237
4 1 136 169
6 1 321 112
7 1 325 73
10 1 309 17
11 1 294 269
9
0 1 375 150
1 1 586 113
2 1 274 302
3 1 173 238
4 1 127 172
6 1 324 115
7 1 331 72
10 1 311 18
11 1 310 267
9
0 1 378 151
1 1 586 120
2 1 274 305
3 1 172 239
4 1 103 181
6 1 326 119
7 1 336 71
10 1 311 18
11 1 310 270
9
0 1 377 148
1 1 586 120
2 1 281 305
3 1 170 240
4 1 65 195
6 1 327 120
7 1 338 69
10 1 306 16
11 1 306 271
9
0 1 376 142
1 1 582 113
2 1 294 303
3 1 170 239
4 1 66 191
6 1 328 118
7 1 334 70
10 1 303 14
11 1 308 272
9
0 1 376 140
1 1 579 114
2 1 309 302
3 1 171 238
4 1 71 180
6 1 330 116
7 1 336 69
10 1 303 13
11 1 313 272
9
0 1 379 139
1 1 576 119
2 1 316 298
3 1 174 235
4 1 71 173
6 1 334 111
7 1 339 68
10 1 304 14
11 1 315 273
9
0 1 387 141
1 1 577 126
2 1 318 295
3 1 174 233
4 1 71 173
6 1 348 103
7 1 341 66
10 1 302 17
11 1 319 274
9
0 1 397 146
1 1 582 134
2 1 316 293
3 1 172 232
4 1 67 176
6 1 364 96
7 1 341 67
10 1 303 20
11 1 319 274
9
0 1 400 154
1 1 587 139
2 1 308 292
3 1 162 237
4 1 61 182
6 1 374 93
7 1 340 66
10 1 306 19
11 1 318 275
9
0 1 401 156
1 1 587 142
2 1 298 299
3 1 148 242
4 1 55 188
6 1 379 92
7 1 344 66
10 1 301 17
11 1 315 278
9
0 1 402 152
1 1 586 141
2 1 298 304
3 1 144 243
4 1 51 193
6 1 376 93
7 1 350 66
10 1 288 13
11 1 313 279
9
0 1 401 148
1 1 587 140
2 1 302 302
3 1 153 243
4 1 55 193
6 1 374 96
7 1 353 68
10 1 277 9
11 1 313 281
9
0 1 401 148
1 1 586 136
2 1 304 303
3 1 156 245
4 1 58 189
6 1 375 99
7 1 355 69
10 1 273 5
11 1 317 279
9
0 1 402 146
1 1 586 135
2 1 298 308
3 1 162 246
4 1 61 186
6 1 367 101
7 1 358 67
10 1 274 6
11 1 319 275
9
0 1 404 145
1 1 587 137
2 1 306 309
3 1 161 247
4 1 61 184
6 1 355 100
7 1 361 63
10 1 274 8
11 1 320 274
9
0 1 405 145
1 1 589 136
2 1 324 309
3 1 161 243
4 1 51 182
6 1 346 98
7 1 364 60
10 1 270 7
11 1 326 273
9
0 1 404 143
1 1 588 133
2 1 331 309
3 1 160 237
4 1 39 181
6 1 342 96
7 1 366 59
10 1 268 8
11 1 331 274
9
0 1 404 142
1 1 586 132
2 1 332 311
3 1 160 234
4 1 31 181
6 1 345 95
7 1 366 61
10 1 268 10
11 1 332 276
9
0 1 404 140
1 1 585 131
2 1 330 313
3 1 162 232
4 1 27 183
6 1 351 97
7 1 364 63
10 1 268 10
11 1 328 278
9
0 1 404 140
1 1 585 132
2 1 327 313
3 1 162 231
4 1 27 186
6 1 357 102
7 1 362 62
10 1 268 7
11 1 331 277
9
0 1 406 141
1 1 587 137
2 1 332 310
3 1 161 233
4 1 25 185
6 1 366 106
7 1 361 60
10 1 266 5
11 1 345 276
9
0 1 411 141
1 1 587 141
2 1 330 310
3 1 159 237
4 1 26 184
6 1 374 106
7 1 364 59
10 1 262 5
11 1 361 275
9
0 1 411 141
1 1 582 144
2 1 335 309
3 1 150 237
4 1 21 187
6 1 377 107
7 1 368 59
10 1 249 8
11 1 368 273
9
0 1 413 142
1 1 578 147
2 1 344 306
3 1 142 237
4 1 24 189
6 1 386 100
7 1 371 59
10 1 238 11
11 1 372 272
9
0 1 416 143
1 1 577 149
2 1 354 303
3 1 130 239
4 1 21 191
6 1 390 99
7 1 376 55
10 1 233 12
11 1 372 272
9
0 1 413 144
1 1 575 150
2 1 362 302
3 1 119 237
4 1 14 190
6 1 396 96
7 1 380 55
10 1 234 11
11 1 368 271
9
0 1 419 141
1 1 573 151
2 1 366 303
3 1 108 238
4 1 12 186
6 1 392 95
7 1 386 58
10 1 235 9
11 1 359 271
9
0 1 428 135
1 1 572 155
2 1 364 306
3 1 101 240
4 1 10 184
6 1 387 96
7 1 390 61
10 1 233 7
11 1 357 273
9
0 1 434 131
1 1 572 159
2 1 361 306
3 1 99 239
4 1 13 181
6 1 384 97
7 1 391 59
10 1 232 6
11 1 359 274
9
0 1 438 130
1 1 573 158
2 1 360 304
3 1 96 241
4 1 26 177
6 1 383 98
7 1 391 56
10 1 231 9
11 1 362 275
9
0 1 439 131
1 1 572 155
2 1 364 304
3 1 93 244
4 1 30 176
6 1 384 98
7 1 395 56
10 1 230 10
11 1 365 279
9
0 1 438 135
1 1 571 156
2 1 370 304
3 1 100 239
4 1 28 177
6 1 385 98
7 1 400 54
10 1 228 10
11 1 369 284
9
0 1 439 139
1 1 572 158
2 1 369 304
3 1 108 235
4 1 22 181
6 1 388 97
7 1 400 52
10 1 226 11
11 1 370 287
9
0 1 440 142
1 1 574 159
2 1 365 304
3 1 121 230
4 1 25 178
6 1 391 96
7 1 399 52
10 1 228 11
11 1 368 287
9
0 1 439 142
1 1 576 158
2 1 368 305
3 1 121 231
4 1 19 179
6 1 392 94
7 1 402 55
10 1 228 13
11 1 369 285
9
0 1 436 133
1 1 576 158
2 1 373 307
3 1 113 234
4 1 21 176
6 1 392 95
7 1 404 58
10 1 230 12
11 1 371 284
9
0 1 436 130
1 1 574 160
2 1 376 308
3 1 96 238
4 1 18 173
6 1 391 95
7 1 407 58
10 1 232 11
11 1 371 285
9
0 1 439 130
1 1 574 164
2 1 380 308
3 1 82 244
4 1 14 175
6 1 396 92
7 1 408 57
10 1 232 10
11 1 370 286
9
0 1 443 129
1 1 575 169
2 1 385 309
3 1 77 247
4 1 8 177
6 1 405 89
7 1 410 54
10 1 228 8
11 1 377 282
9
0 1 446 127
1 1 576 173
2 1 398 305
3 1 78 247
4 1 8 179
6 1 416 87
7 1 413 51
10 1 224 8
11 1 376 280
9
0 1 444 126
1 1 576 174
2 1 416 301
3 1 84 246
4 1 13 179
6 1 425 85
7 1 414 49
10 1 214 6
11 1 384 275
9
0 1 440 126
1 1 576 172
2 1 425 298
3 1 92 243
4 1 18 176
6 1 434 86
7 1 416 51
10 1 199 5
11 1 394 271
9
0 1 439 127
1 1 573 172
2 1 425 297
3 1 94 241
4 1 19 175
6 1 434 86
7 1 417 56
10 1 191 6
11 1 397 270
9
0 1 439 129
1 1 570 173
2 1 412 300
3 1 93 240
4 1 11 173
6 1 430 85
7 1 419 55
10 1 189 6
11 1 396 269
9
0 1 445 127
1 1 568 176
2 1 396 306
3 1 93 239
4 1 5 171
6 1 430 84
7 1 421 54
10 1 190 7
11 1 397 269
9
0 1 462 123
1 1 568 177
2 1 387 312
3 1 95 238
4 1 0 170
6 1 432 87
7 1 425 54
10 1 191 7
11 1 400 270
9
0 1 474 122
1 1 570 180
2 1 382 315
3 1 98 238
4 1 -2 170
6 1 431 92
7 1 429 52
10 1 188 9
11 1 406 270
9
0 1 479 123
1 1 572 182
2 1 379 313
3 1 100 235
4 1 -1 167
6 1 432 90
7 1 432 50
10 1 186 10
11 1 413 271
9
0 1 478 122
1 1 571 181
2 1 378 311
3 1 96 234
4 1 0 169
6 1 427 91
7 1 433 52
10 1 182 8
11 1 421 270
9
0 1 474 120
1 1 570 181
2 1 381 309
3 1 77 236
4 1 2 171
6 1 426 94
7 1 433 55
10 1 177 4
11 1 427 271
9
0 1 474 121
1 1 570 182
2 1 390 307
3 1 68 231
4 1 2 171
6 1 430 94
7 1 432 57
10 1 174 0
11 1 427 270
9
0 1 477 121
1 1 569 183
2 1 410 307
3 1 65 226
4 1 5 168
6 1 435 93
7 1 431 56
10 1 168 -2
11 1 427 270
9
0 1 478 121
1 1 569 183
2 1 426 306
3 1 65 228
4 1 6 168
6 1 433 93
7 1 430 54
10 1 162 0
11 1 427 271
9
0 1 476 122
1 1 567 185
2 1 444 304
3 1 60 233
4 1 5 169
6 1 438 94
7 1 429 53
10 1 160 1
11 1 428 273
9
0 1 475 123
1 1 563 186
2 1 451 304
3 1 50 237
4 1 3 169
6 1 437 90
7 1 436 50
10 1 158 2
11 1 427 272
9
0 1 474 122
1 1 561 185
2 1 454 303
3 1 42 238
4 1 1 169
6 1 440 88
7 1 445 43
10 1 159 4
11 1 427 268
9
0 1 474 121
1 1 558 185
2 1 453 301
3 1 35 240
4 1 0 167
6 1 442 88
7 1 450 40
10 1 163 0
11 1 428 268
9
0 1 477 121
1 1 556 185
2 1 445 301
3 1 31 240
4 1 1 164
6 1 446 86
7 1 453 41
10 1 167 0
11 1 435 268
9
0 1 478 122
1 1 552 188
2 1 440 302
3 1 33 239
4 1 2 162
6 1 449 89
7 1 453 41
10 1 168 0
11 1 446 273
9
0 1 485 120
1 1 549 192
2 1 441 304
3 1 40 236
4 1 1 163
6 1 452 92
7 1 454 41
10 1 165 -1
11 1 456 277
9
0 1 494 114
1 1 551 194
2 1 444 307
3 1 40 236
4 1 2 163
6 1 454 92
7 1 455 44
10 1 156 -3
11 1 465 277
9
0 1 494 113
1 1 554 196
2 1 444 309
3 1 38 238
4 1 1 162
6 1 456 91
7 1 459 46
10 1 154 0
11 1 469 275
9
0 1 500 110
1 1 554 196
2 1 443 305
3 1 35 240
4 1 1 165
6 1 455 90
7 1 463 45
10 1 153 1
11 1 467 273
9
0 1 503 106
1 1 552 195
2 1 445 305
3 1 33 240
4 1 2 167
6 1 454 90
7 1 465 45
10 1 150 0
11 1 465 270
9
0 1 506 105
1 1 552 196
2 1 452 305
3 1 33 239
4 1 3 165
6 1 454 90
7 1 464 45
10 1 146 1
11 1 465 268
9
0 1 505 110
1 1 552 199
2 1 462 307
3 1 37 240
4 1 2 165
6 1 455 90
7 1 464 47
10 1 144 3
11 1 461 266
9
0 1 504 116
1 1 552 199
2 1 468 309
3 1 39 242
4 1 1 164
6 1 457 89
7 1 463 47
10 1 143 5
11 1 455 266
9
0 1 501 118
1 1 551 200
2 1 469 309
3 1 38 242
4 1 0 163
6 1 458 89
7 1 460 49
10 1 142 5
11 1 452 266
9
0 1 502 118
1 1 551 199
2 1 470 309
3 1 36 240
4 1 0 163
6 1 465 85
7 1 458 49
10 1 136 5
11 1 454 265
9
0 1 510 115
1 1 551 198
2 1 472 308
3 1 35 240
4 1 0 162
6 1 476 80
7 1 458 47
10 1 127 3
11 1 458 264
9
0 1 507 117
1 1 547 198
2 1 472 307
3 1 31 238
4 1 -1 161
6 1 481 80
7 1 466 49
10 1 119 0
11 1 466 264
9
0 1 508 117
1 1 543 197
2 1 472 307
3 1 28 237
4 1 -1 160
6 1 482 82
7 1 476 52
10 1 113 -1
11 1 475 263
8
0 1 519 116
1 1 542 195
2 1 475 308
3 1 23 237
6 1 479 83
7 1 483 54
10 1 111 -4
11 1 483 266
8
0 1 525 116
1 1 543 197
2 1 475 308
3 1 18 239
6 1 477 82
7 1 486 54
10 1 113 -4
11 1 489 269
8
0 1 528 116
1 1 545 204
2 1 475 309
3 1 16 242
6 1 476 84
7 1 487 53
10 1 113 -3
11 1 497 268
8
0 1 528 116
1 1 545 211
2 1 479 310
3 1 11 238
6 1 473 86
7 1 489 51
10 1 112 -2
11 1 500 266
8
0 1 526 118
1 1 546 214
2 1 485 308
3 1 2 228
6 1 472 86
7 1 488 50
10 1 109 -1
11 1 501 266
8
0 1 525 118
1 1 546 213
2 1 491 305
3 1 -4 224
6 1 473 85
7 1 487 51
10 1 110 -2
11 1 503 267
8
0 1 520 116
1 1 546 211
2 1 494 304
3 1 -6 223
6 1 475 84
7 1 491 51
10 1 111 -1
11 1 508 266
8
0 1 523 116
1 1 548 211
2 1 497 303
3 1 -6 227
6 1 476 82
7 1 495 51
10 1 113 1
11 1 508 267
8
0 1 532 115
1 1 547 213
2 1 501 301
3 1 -4 235
6 1 477 81
7 1 499 51
10 1 113 4
11 1 509 270
8
0 1 536 114
1 1 545 217
2 1 506 301
3 1 -1 240
6 1 480 80
7 1 500 52
10 1 114 3
11 1 514 272
9
0 1 537 115
1 1 543 220
2 1 509 302
3 1 2 242
6 1 481 80
7 1 500 53
10 1 113 -1
11 1 521 271
14 1 5 298
9
0 1 532 117
1 1 539 224
2 1 511 304
3 1 4 237
6 1 484 83
7 1 498 55
10 1 111 -2
11 1 526 269
12 1 5 298
9
0 1 520 120
1 1 537 226
2 1 513 305
3 1 4 230
6 1 491 85
7 1 495 54
10 1 110 -2
11 1 524 270
12 1 5 298
9
0 1 508 124
1 1 536 225
2 1 513 306
3 1 2 228
6 1 495 84
7 1 493 51
10 1 109 -3
11 1 512 274
12 1 4 302
9
0 1 513 125
1 1 539 222
2 1 514 306
3 1 2 230
6 1 494 83
7 1 499 49
10 1 108 -1
11 1 505 277
12 1 2 305
9
0 1 535 121
1 1 542 220
2 1 516 305
3 1 3 231
6 1 491 84
7 1 510 48
10 1 109 0
11 1 504 275
12 1 3 306
9
0 1 551 116
1 1 543 219
2 1 525 304
3 1 3 230
6 1 491 88
7 1 518 46
10 1 110 0
11 1 507 272
12 1 3 306
9
0 1 555 113
1 1 544 219
2 1 534 301
3 1 8 226
6 1 493 92
7 1 521 43
10 1 109 0
11 1 512 271
12 1 3 305
9
0 1 548 111
1 1 542 220
2 1 538 302
3 1 16 219
6 1 496 95
7 1 522 45
10 1 110 0
11 1 525 269
12 1 1 306
8
0 1 538 110
1 1 535 221
2 1 540 304
3 1 18 216
6 1 498 96
7 1 520 49
11 1 546 266
12 1 3 307
8
0 1 533 111
1 1 532 219
2 1 540 303
3 1 17 214
6 1 500 95
7 1 520 51
11 1 561 264
12 1 5 308
9
0 1 519 120
1 1 533 218
2 1 539 300
3 1 10 218
6 1 502 96
7 1 521 52
11 1 569 259
12 1 4 308
15 1 5 355
9
0 1 518 124
1 1 530 219
2 1 540 300
3 1 3 221
6 1 504 96
7 1 524 50
11 1 570 256
12 1 3 308
13 1 5 355
9
0 1 523 126
1 1 527 220
2 1 541 301
3 1 0 221
6 1 504 94
7 1 526 47
11 1 565 257
12 1 3 308
13 1 5 355
9
0 1 534 128
1 1 528 221
2 1 545 301
3 1 0 221
6 1 502 93
7 1 528 45
11 1 560 257
12 1 3 305
13 1 4 355
9
0 1 549 129
1 1 532 224
2 1 548 300
3 1 1 219
6 1 501 91
7 1 532 47
11 1 553 259
12 1 6 303
13 1 1 356
9
0 1 563 124
1 1 529 225
2 1 547 300
3 1 0 219
6 1 502 88
7 1 532 47
11 1 547 261
12 1 6 303
13 1 0 357
9
0 1 571 115
1 1 524 227
2 1 548 299
3 1 1 222
6 1 503 88
7 1 529 47
11 1 546 264
12 1 7 307
13 1 1 360
9
0 1 573 111
1 1 522 227
2 1 551 298
3 1 0 223
6 1 506 90
7 1 527 47
11 1 546 268
12 1 5 310
13 1 3 359
9
0 1 573 111
1 1 521 225
2 1 553 298
3 1 0 222
6 1 510 91
7 1 528 49
11 1 548 270
12 1 3 311
13 1 4 357
9
0 1 572 114
1 1 518 226
2 1 558 298
3 1 0 221
6 1 512 92
7 1 534 53
11 1 555 271
12 1 3 309
13 1 7 356
9
0 1 572 116
1 1 516 227
2 1 567 295
3 1 -2 220
6 1 514 93
7 1 541 53
11 1 567 271
12 1 5 308
13 1 12 355
9
0 1 571 117
1 1 514 228
2 1 574 292
3 1 -3 220
6 1 513 93
7 1 545 53
11 1 578 268
12 1 9 307
13 1 14 358
9
0 1 571 117
1 1 513 227
2 1 575 292
3 1 -4 221
6 1 511 93
7 1 548 54
11 1 576 267
12 1 11 308
13 1 9 359
9
0 1 573 117
1 1 514 225
2 1 576 294
3 1 -4 214
6 1 511 93
7 1 550 57
11 1 574 269
12 1 10 308
13 1 14 357
9
0 1 576 116
1 1 515 225
2 1 578 298
3 1 -4 202
6 1 508 94
7 1 550 58
11 1 574 273
12 1 10 307
13 1 21 355
9
0 1 580 113
1 1 514 226
2 1 580 301
3 1 -1 189
6 1 506 93
7 1 550 56
11 1 577 273
12 1 13 307
13 1 18 355
9
0 1 578 112
1 1 512 228
2 1 585 300
3 1 0 183
6 1 512 90
7 1 549 53
11 1 581 270
12 1 16 307
13 1 6 358
9
0 1 576 113
1 1 510 229
2 1 590 300
3 1 0 184
6 1 523 84
7 1 550 52
11 1 586 269
12 1 23 309
13 1 0 359
9
0 1 578 117
1 1 509 230
2 1 594 302
3 1 0 188
6 1 532 78
7 1 552 53
11 1 588 271
12 1 33 311
13 1 2 361
9
0 1 576 119
1 1 506 231
2 1 597 303
3 1 0 190
6 1 538 75
7 1 554 54
11 1 593 272
12 1 43 311
13 1 5 361
9
0 1 573 120
1 1 504 230
2 1 598 300
3 1 1 191
6 1 541 76
7 1 556 56
11 1 596 270
12 1 49 313
13 1 9 359
9
0 1 573 121
1 1 504 230
2 1 600 298
3 1 0 191
6 1 540 79
7 1 559 58
11 1 595 269
12 1 51 316
13 1 8 359
9
0 1 575 123
1 1 504 229
2 1 603 297
3 1 -1 189
6 1 540 82
7 1 558 57
11 1 596 267
12 1 54 317
13 1 12 359
9
0 1 585 126
1 1 502 230
2 1 605 298
3 1 -2 189
6 1 542 82
7 1 557 56
11 1 604 264
12 1 52 318
13 1 17 357
9
0 1 598 126
1 1 502 230
2 1 605 299
3 1 -1 189
6 1 541 79
7 1 558 55
11 1 608 263
12 1 54 315
13 1 20 357
9
0 1 605 125
1 1 500 231
2 1 607 297
3 1 -1 190
6 1 540 81
7 1 558 57
11 1 611 263
12 1 61 315
13 1 20 356
9
0 1 609 126
1 1 499 236
2 1 610 294
3 1 -1 190
6 1 540 82
7 1 560 57
11 1 613 263
12 1 59 314
13 1 19 357
9
0 1 608 125
1 1 496 241
2 1 613 293
3 1 -2 190
6 1 542 81
7 1 568 58
11 1 616 264
12 1 49 314
13 1 19 359
9
0 1 601 125
1 1 494 245
2 1 615 294
3 1 -1 189
6 1 544 80
7 1 577 58
11 1 616 266
12 1 48 315
13 1 22 360
9
0 1 598 125
1 1 494 245
2 1 619 293
3 1 1 189
6 1 543 80
7 1 584 58
11 1 617 265
12 1 51 314
13 1 25 362
9
0 1 597 125
1 1 498 244
2 1 624 292
3 1 2 188
6 1 544 84
7 1 589 60
11 1 619 262
12 1 58 312
13 1 29 363
9
0 1 597 125
1 1 497 243
2 1 629 291
3 1 4 187
6 1 547 87
7 1 589 63
11 1 623 260
12 1 73 307
13 1 35 363
9
0 1 597 124
1 1 495 244
2 1 633 292
3 1 1 188
6 1 545 85
7 1 587 64
11 1 627 259
12 1 81 306
13 1 42 362
9
0 1 599 124
1 1 494 245
2 1 633 293
3 1 -3 187
6 1 548 86
7 1 583 64
11 1 631 261
12 1 81 308
13 1 48 362
8
0 1 602 127
1 1 492 243
2 1 634 292
6 1 552 88
7 1 582 63
11 1 634 265
12 1 78 308
13 1 54 361
8
0 1 607 127
1 1 490 242
2 1 638 292
6 1 557 89
7 1 583 64
11 1 638 265
12 1 72 309
13 1 60 358
8
0 1 607 126
1 1 489 243
2 1 639 293
6 1 559 89
7 1 586 66
11 1 642 265
12 1 68 310
13 1 66 358
8
0 1 606 125
1 1 490 245
2 1 645 293
6 1 560 88
7 1 590 68
11 1 649 264
12 1 68 308
13 1 70 358
8
0 1 607 126
1 1 493 246
2 1 652 292
6 1 561 86
7 1 592 71
11 1 652 267
12 1 70 307
13 1 73 359
8
0 1 607 126
1 1 494 245
2 1 654 293
6 1 560 86
7 1 596 73
11 1 651 270
12 1 73 309
13 1 74 359
8
0 1 609 127
1 1 494 245
2 1 658 295
6 1 558 86
7 1 598 73
11 1 653 271
12 1 80 311
13 1 74 360
8
0 1 611 129
1 1 493 245
2 1 657 296
6 1 558 86
7 1 600 75
11 1 656 271
12 1 86 313
13 1 74 360
8
0 1 613 129
1 1 489 246
2 1 661 296
6 1 560 88
7 1 601 77
11 1 660 269
12 1 96 311
13 1 76 358
8
0 1 610 130
1 1 484 248
2 1 661 292
6 1 562 89
7 1 601 77
11 1 664 268
12 1 98 313
13 1 76 358
8
0 1 610 131
1 1 479 249
2 1 660 288
6 1 563 88
7 1 603 78
11 1 668 268
12 1 95 315
13 1 77 358
8
0 1 612 131
1 1 476 250
2 1 663 287
6 1 564 86
7 1 607 78
11 1 672 267
12 1 99 315
13 1 79 360
8
0 1 613 132
1 1 476 252
2 1 669 287
6 1 566 81
7 1 609 77
11 1 674 266
12 1 109 314
13 1 77 360
8
0 1 614 132
1 1 475 253
2 1 676 287
6 1 567 80
7 1 610 76
11 1 677 264
12 1 110 311
13 1 73 360
8
0 1 622 128
1 1 474 251
2 1 679 287
6 1 567 78
7 1 609 74
11 1 681 262
12 1 114 310
13 1 73 359
8
0 1 628 125
1 1 474 249
2 1 680 286
6 1 568 81
7 1 609 76
11 1 682 263
12 1 119 311
13 1 78 359
8
0 1 631 126
1 1 474 247
2 1 679 287
6 1 573 80
7 1 611 78
11 1 676 264
12 1 122 313
13 1 76 358
8
0 1 634 128
1 1 471 247
2 1 678 286
6 1 570 83
7 1 611 79
11 1 674 265
12 1 121 318
13 1 79 357
8
0 1 636 128
1 1 468 247
2 1 676 287
6 1 574 85
7 1 614 76
11 1 677 264
12 1 122 319
13 1 84 358
8
0 1 637 126
1 1 467 247
2 1 676 286
6 1 580 84
7 1 616 75
11 1 681 265
12 1 127 317
13 1 87 359
8
0 1 638 129
1 1 467 247
2 1 678 285
6 1 586 84
7 1 616 74
11 1 687 265
12 1 131 314
13 1 91 358
9
0 1 639 131
1 1 468 248
2 1 680 286
6 1 589 83
7 1 619 72
11 1 694 264
12 1 131 314
13 1 93 357
16 1 763 257
9
0 1 638 134
1 1 467 249
2 1 680 289
6 1 588 82
7 1 618 73
11 1 697 263
12 1 128 315
13 1 94 357
14 1 763 257
9
0 1 638 133
1 1 468 250
2 1 681 292
6 1 588 82
7 1 618 77
11 1 700 262
12 1 129 314
13 1 95 356
14 1 763 257
9
0 1 640 135
1 1 465 248
2 1 680 292
6 1 588 80
7 1 620 79
11 1 704 261
12 1 129 313
13 1 98 356
14 1 766 259
9
0 1 638 132
1 1 464 250
2 1 679 291
6 1 586 80
7 1 620 80
11 1 707 261
12 1 134 310
13 1 103 354
14 1 772 260
9
0 1 636 133
1 1 464 256
2 1 678 291
6 1 586 80
7 1 621 80
11 1 707 262
12 1 140 310
13 1 100 354
14 1 775 259
9
0 1 639 136
1 1 465 261
2 1 678 290
6 1 586 80
7 1 622 81
11 1 710 259
12 1 142 311
13 1 107 355
14 1 774 261
9
0 1 641 138
1 1 463 261
2 1 679 289
6 1 588 78
7 1 622 79
11 1 712 258
12 1 143 313
13 1 119 355
14 1 776 261
9
0 1 643 137
1 1 458 260
2 1 678 289
6 1 591 77
7 1 634 77
11 1 713 262
12 1 143 314
13 1 129 352
14 1 783 258
9
0 1 650 135
1 1 456 261
2 1 677 290
6 1 595 75
7 1 643 74
11 1 717 267
12 1 141 313
13 1 133 351
14 1 794 257
9
0 1 659 135
1 1 456 264
2 1 678 291
6 1 599 74
7 1 647 75
11 1 724 271
12 1 144 312
13 1 135 350
14 1 796 259
9
0 1 663 136
1 1 455 265
2 1 679 293
6 1 602 75
7 1 646 78
11 1 731 274
12 1 153 312
13 1 135 351
14 1 797 261
9
0 1 665 136
1 1 454 266
2 1 683 291
6 1 598 75
7 1 641 82
11 1 743 268
12 1 159 311
13 1 131 354
14 1 797 261
9
0 1 666 138
1 1 454 267
2 1 693 288
6 1 592 76
7 1 639 86
11 1 753 268
12 1 165 308
13 1 129 356
14 1 795 261
9
0 1 667 139
1 1 452 269
2 1 725 271
6 1 595 74
7 1 637 90
11 1 770 272
12 1 169 305
13 1 129 357
14 1 795 261
9
0 1 669 135
1 1 450 270
2 1 746 257
6 1 603 72
7 1 639 92
11 1 786 278
12 1 171 307
13 1 135 358
14 1 795 260
9
0 1 671 132
1 1 449 271
2 1 755 250
6 1 609 70
7 1 642 93
11 1 803 278
12 1 172 308
13 1 143 356
14 1 795 260
9
0 1 671 133
1 1 450 271
2 1 756 253
6 1 612 71
7 1 646 96
11 1 818 279
12 1 187 307
13 1 157 357
14 1 796 261
9
0 1 669 136
1 1 451 270
2 1 753 259
6 1 615 70
7 1 648 98
11 1 829 277
12 1 208 309
13 1 163 357
14 1 799 264
9
0 1 669 138
1 1 452 270
2 1 757 260
6 1 620 69
7 1 651 100
11 1 837 278
12 1 217 310
13 1 164 355
14 1 801 265
9
0 1 669 139
1 1 452 271
2 1 759 261
6 1 623 70
7 1 653 104
11 1 841 278
12 1 221 312
13 1 160 356
14 1 802 262
9
0 1 670 138
1 1 451 272
2 1 762 261
6 1 623 71
7 1 653 107
11 1 842 277
12 1 221 311
13 1 161 356
14 1 803 256
9
0 1 671 137
1 1 448 272
2 1 763 259
6 1 620 69
7 1 652 108
11 1 844 272
12 1 214 311
13 1 162 355
14 1 802 255
9
0 1 671 136
1 1 444 272
2 1 761 258
6 1 619 68
7 1 649 110
11 1 838 269
12 1 201 312
13 1 161 354
14 1 803 256
9
0 1 675 134
1 1 440 272
2 1 759 260
6 1 620 68
7 1 646 112
11 1 832 268
12 1 193 311
13 1 160 353
14 1 805 258
8
0 1 682 136
1 1 439 272
2 1 757 262
6 1 621 67
7 1 647 114
11 1 826 261
12 1 188 313
13 1 160 354
8
0 1 687 137
1 1 439 272
2 1 754 263
6 1 621 68
7 1 650 114
11 1 854 275
12 1 185 316
13 1 160 355
8
0 1 689 136
1 1 436 272
2 1 750 261
6 1 620 68
7 1 657 113
11 1 875 281
12 1 183 315
13 1 162 356
8
0 1 691 135
1 1 433 271
2 1 750 260
6 1 622 68
7 1 661 113
11 1 885 278
12 1 182 313
13 1 164 356
8
0 1 692 136
1 1 430 272
2 1 757 261
6 1 625 66
7 1 662 111
11 1 885 271
12 1 183 311
13 1 165 353
8
0 1 692 139
1 1 428 273
2 1 758 265
6 1 625 64
7 1 663 110
11 1 881 264
12 1 186 311
13 1 167 349
8
0 1 694 143
1 1 427 272
2 1 757 267
6 1 627 62
7 1 661 111
11 1 868 258
12 1 191 312
13 1 174 349
8
0 1 695 144
1 1 426 267
2 1 758 267
6 1 634 61
7 1 660 113
11 1 853 256
12 1 196 313
13 1 182 350
8
0 1 695 141
1 1 422 264
2 1 763 267
6 1 640 62
7 1 662 116
11 1 825 255
12 1 199 315
13 1 186 353
8
0 1 697 137
1 1 419 266
2 1 766 269
6 1 648 57
7 1 666 123
11 1 812 248
12 1 201 315
13 1 186 355
8
0 1 699 135
1 1 415 267
2 1 769 269
6 1 652 54
7 1 667 139
11 1 806 239
12 1 203 315
13 1 184 354
8
0 1 701 138
1 1 413 270
2 1 774 270
6 1 652 52
7 1 669 151
11 1 807 237
12 1 203 314
13 1 188 352
8
0 1 700 143
1 1 414 269
2 1 782 271
6 1 652 52
7 1 673 155
11 1 831 260
12 1 204 314
13 1 193 352
8
0 1 698 143
1 1 414 265
2 1 790 272
6 1 651 53
7 1 674 152
11 1 837 277
12 1 204 315
13 1 199 349
8
0 1 698 143
1 1 414 263
2 1 796 273
6 1 650 57
7 1 674 146
11 1 838 286
12 1 203 313
13 1 201 348
8
0 1 700 141
1 1 413 264
2 1 802 272
6 1 651 57
7 1 675 143
11 1 841 291
12 1 203 311
13 1 203 349
8
0 1 707 139
1 1 410 267
2 1 807 269
6 1 655 54
7 1 677 142
11 1 845 287
12 1 203 312
13 1 205 351
8
0 1 715 136
1 1 407 269
2 1 806 267
6 1 661 55
7 1 678 145
11 1 848 274
12 1 203 313
13 1 212 356
8
0 1 723 135
1 1 410 267
2 1 815 261
6 1 665 61
7 1 680 147
11 1 850 264
12 1 206 314
13 1 222 358
8
0 1 726 137
1 1 415 266
2 1 814 262
6 1 664 63
7 1 678 150
11 1 848 257
12 1 207 313
13 1 227 357
8
0 1 726 140
1 1 413 267
2 1 814 265
6 1 666 63
7 1 669 152
11 1 849 255
12 1 206 313
13 1 228 356
8
0 1 722 141
1 1 404 267
2 1 812 268
6 1 666 63
7 1 663 153
11 1 855 258
12 1 202 313
13 1 222 358
8
0 1 719 141
1 1 399 268
2 1 807 269
6 1 670 61
7 1 660 153
11 1 862 258
12 1 202 316
13 1 223 356
8
0 1 720 140
1 1 397 270
2 1 805 270
6 1 672 58
7 1 661 154
11 1 867 257
12 1 204 318
13 1 226 353
7
0 1 723 141
1 1 396 273
2 1 811 268
6 1 674 57
7 1 666 154
11 1 871 259
12 1 206 319
7
0 1 727 142
1 1 397 274
2 1 817 266
6 1 678 58
7 1 669 153
11 1 876 258
12 1 212 327
7
0 1 731 142
1 1 397 274
2 1 817 265
6 1 682 58
7 1 672 151
11 1 883 255
12 1 221 340
7
0 1 734 141
1 1 395 274
2 1 811 266
6 1 681 59
7 1 676 152
11 1 885 253
12 1 227 353
7
0 1 736 137
1 1 395 274
2 1 813 269
6 1 681 57
7 1 681 154
11 1 883 253
12 1 237 363
7
0 1 737 135
1 1 396 272
2 1 820 269
6 1 683 56
7 1 686 155
11 1 882 257
12 1 245 369
7
0 1 740 135
1 1 397 271
2 1 828 263
6 1 684 57
7 1 687 151
11 1 881 260
12 1 251 371
7
0 1 743 135
1 1 396 273
2 1 834 259
6 1 685 56
7 1 686 149
11 1 879 258
12 1 254 372
7
0 1 745 135
1 1 393 275
2 1 837 256
6 1 687 50
7 1 683 149
11 1 880 257
12 1 249 367
7
0 1 747 136
1 1 392 276
2 1 837 254
6 1 689 51
7 1 684 151
11 1 881 256
12 1 246 365
7
0 1 749 139
1 1 393 275
2 1 832 258
6 1 690 54
7 1 688 153
11 1 882 254
12 1 247 360
7
0 1 754 140
1 1 394 276
2 1 827 264
6 1 691 57
7 1 690 155
11 1 883 254
12 1 248 356
7
0 1 756 140
1 1 394 279
2 1 832 263
6 1 691 59
7 1 691 156
11 1 885 256
12 1 253 354
7
0 1 756 139
1 1 394 279
2 1 831 265
6 1 694 59
7 1 691 165
11 1 887 258
12 1 254 354
7
0 1 757 140
1 1 393 277
2 1 843 265
6 1 699 58
7 1 691 179
11 1 887 258
12 1 254 355
7
0 1 758 143
1 1 390 272
2 1 839 266
6 1 705 54
7 1 691 194
11 1 887 257
12 1 259 355
7
0 1 758 143
1 1 386 267
2 1 850 265
6 1 713 45
7 1 689 202
11 1 887 256
12 1 262 354
7
0 1 759 141
1 1 384 264
2 1 865 262
6 1 716 40
7 1 688 205
11 1 889 256
12 1 260 351
7
0 1 756 143
1 1 385 264
2 1 875 258
6 1 717 37
7 1 688 207
11 1 892 256
12 1 263 349
7
0 1 754 145
1 1 376 271
2 1 884 258
6 1 716 36
7 1 689 203
11 1 894 257
12 1 272 347
7
0 1 754 144
1 1 376 275
2 1 894 259
6 1 715 38
7 1 690 202
11 1 887 258
12 1 275 349
7
0 1 757 140
1 1 379 277
2 1 901 257
6 1 712 43
7 1 693 201
11 1 875 259
12 1 274 353
7
0 1 763 139
1 1 381 271
2 1 904 253
6 1 712 47
7 1 698 201
11 1 873 259
12 1 273 354
7
0 1 766 144
1 1 383 265
2 1 902 249
6 1 718 51
7 1 708 204
11 1 877 259
12 1 275 353
7
0 1 766 147
1 1 383 263
2 1 899 248
6 1 725 52
7 1 716 208
11 1 881 261
12 1 275 348
7
0 1 768 148
1 1 381 262
2 1 893 252
6 1 728 53
7 1 717 209
11 1 883 261
12 1 284 346
7
0 1 768 148
1 1 380 264
2 1 889 255
6 1 727 51
7 1 713 210
11 1 884 261
12 1 296 345
7
0 1 768 145
1 1 379 265
2 1 888 255
6 1 722 44
7 1 707 215
11 1 885 260
12 1 315 345
7
0 1 768 144
1 1 380 266
2 1 888 256
6 1 726 43
7 1 704 218
11 1 886 259
12 1 343 343
8
0 1 767 143
1 1 378 266
2 1 889 256
6 1 730 45
7 1 706 216
11 1 886 259
12 1 361 341
20 1 332 317
7
0 1 769 142
1 1 377 264
2 1 890 255
6 1 736 46
7 1 709 215
12 1 369 338
18 1 332 317
7
0 1 770 143
1 1 375 262
2 1 885 258
6 1 743 49
7 1 712 216
12 1 368 338
18 1 332 317
7
0 1 769 144
1 1 376 263
2 1 882 262
6 1 748 50
7 1 713 220
12 1 362 335
18 1 333 320
7
0 1 766 143
1 1 378 265
2 1 882 263
6 1 746 48
7 1 714 223
12 1 357 335
18 1 333 323
7
0 1 765 144
1 1 379 267
2 1 882 263
6 1 744 49
7 1 714 223
12 1 354 336
18 1 333 322
7
0 1 766 144
1 1 379 267
2 1 882 262
6 1 743 49
7 1 713 225
12 1 354 336
18 1 338 322
7
0 1 766 145
1 1 377 266
2 1 882 262
6 1 744 48
7 1 712 229
12 1 355 340
18 1 345 322
7
0 1 767 144
1 1 375 263
2 1 882 261
6 1 743 47
7 1 713 231
12 1 355 343
18 1 350 322
7
0 1 768 143
1 1 372 262
2 1 882 258
6 1 741 48
7 1 715 235
12 1 353 344
18 1 353 322
7
0 1 770 144
1 1 370 263
2 1 883 256
6 1 743 48
7 1 718 238
12 1 352 344
18 1 356 321
7
0 1 771 145
1 1 370 263
2 1 885 253
6 1 747 46
7 1 719 240
12 1 351 344
18 1 362 317
6
0 1 776 147
1 1 373 263
6 1 749 43
7 1 720 242
12 1 350 344
18 1 364 315
6
0 1 784 148
1 1 377 264
6 1 751 42
7 1 719 243
12 1 349 344
18 1 367 317
6
0 1 801 147
1 1 377 266
6 1 753 43
7 1 718 243
12 1 351 344
18 1 376 317
6
0 1 826 149
1 1 377 265
6 1 756 44
7 1 717 244
12 1 352 346
18 1 385 318
6
0 1 840 152
1 1 378 265
6 1 760 44
7 1 717 245
12 1 352 347
18 1 385 316
6
0 1 847 150
1 1 378 265
6 1 762 44
7 1 717 245
12 1 350 348
18 1 378 311
6
0 1 846 147
1 1 378 264
6 1 768 43
7 1 716 247
12 1 356 343
18 1 368 303
6
0 1 842 143
1 1 378 263
6 1 775 40
7 1 716 252
12 1 369 329
18 1 350 287
5
0 1 832 145
1 1 377 263
6 1 777 40
7 1 718 259
12 1 387 312
5
0 1 828 152
1 1 373 263
6 1 776 38
7 1 720 263
12 1 400 303
5
0 1 827 154
1 1 359 265
6 1 776 39
7 1 724 264
12 1 407 300
5
0 1 827 154
1 1 339 270
6 1 778 42
7 1 723 265
12 1 412 299
5
0 1 827 154
1 1 328 272
6 1 780 43
7 1 721 266
12 1 410 301
5
0 1 826 153
1 1 327 273
6 1 780 43
7 1 724 265
12 1 406 305
5
0 1 822 151
1 1 319 277
6 1 780 42
7 1 731 266
12 1 398 316
5
0 1 818 148
1 1 322 275
6 1 778 41
7 1 730 270
12 1 394 322
6
0 1 820 146
1 1 335 269
6 1 777 38
7 1 727 271
12 1 395 323
22 1 797 42
6
0 1 822 145
1 1 333 266
6 1 776 35
7 1 725 272
12 1 396 321
20 1 797 42
6
0 1 829 146
1 1 336 265
6 1 776 34
7 1 726 273
12 1 395 320
20 1 797 42
6
0 1 839 147
1 1 335 263
6 1 777 35
7 1 729 274
12 1 395 320
20 1 797 42
6
0 1 851 149
1 1 333 262
6 1 780 35
7 1 732 275
12 1 394 320
20 1 797 42
6
0 1 859 150
1 1 326 265
6 1 782 35
7 1 732 279
12 1 394 321
20 1 798 43
6
0 1 861 149
1 1 327 267
6 1 784 34
7 1 730 281
12 1 395 322
20 1 801 40
6
0 1 868 147
1 1 332 268
6 1 785 34
7 1 729 283
12 1 399 325
20 1 803 37
6
0 1 875 148
1 1 338 264
6 1 786 35
7 1 730 280
12 1 409 325
20 1 803 37
6
0 1 878 151
1 1 342 262
6 1 784 36
7 1 734 281
12 1 428 324
20 1 803 35
6
0 1 878 151
1 1 343 261
6 1 782 37
7 1 737 283
12 1 436 325
20 1 801 38
6
0 1 878 151
1 1 344 261
6 1 781 37
7 1 737 284
12 1 441 326
20 1 799 40
6
0 1 874 150
1 1 341 261
6 1 784 37
7 1 735 285
12 1 440 326
20 1 800 39
6
0 1 869 149
1 1 334 263
6 1 785 36
7 1 734 286
12 1 439 327
20 1 800 39
6
0 1 868 150
1 1 327 266
6 1 785 35
7 1 734 290
12 1 440 327
20 1 802 38
6
0 1 868 149
1 1 322 268
6 1 783 35
7 1 735 291
12 1 446 328
20 1 801 37
6
0 1 871 147
1 1 319 267
6 1 782 36
7 1 736 290
12 1 447 328
20 1 799 39
6
0 1 872 147
1 1 317 264
6 1 782 38
7 1 736 289
12 1 452 327
20 1 800 42
6
0 1 877 147
1 1 318 262
6 1 784 39
7 1 735 290
12 1 454 325
20 1 803 42
6
0 1 884 146
1 1 319 264
6 1 783 39
7 1 735 292
12 1 454 323
20 1 809 39
6
0 1 897 148
1 1 323 267
6 1 782 38
7 1 736 291
12 1 454 322
20 1 815 38
6
0 1 903 151
1 1 322 270
6 1 784 37
7 1 735 290
12 1 455 321
20 1 825 34
6
0 1 905 154
1 1 323 270
6 1 782 38
7 1 735 289
12 1 456 320
20 1 842 30
6
0 1 903 156
1 1 325 269
6 1 782 41
7 1 733 290
12 1 457 320
20 1 854 26
5
0 1 899 155
1 1 324 266
6 1 783 43
7 1 732 291
12 1 456 322
5
0 1 894 153
1 1 321 265
6 1 788 44
7 1 731 292
12 1 454 324
5
0 1 889 151
1 1 315 264
6 1 817 40
7 1 732 290
12 1 457 324
5
0 1 892 149
1 1 313 264
6 1 841 36
7 1 734 288
12 1 462 323
5
0 1 898 147
1 1 315 263
6 1 855 33
7 1 736 286
12 1 464 322
5
0 1 896 151
1 1 315 262
6 1 866 30
7 1 734 287
12 1 467 321
5
0 1 896 155
1 1 316 261
6 1 862 30
7 1 732 287
12 1 470 322
5
0 1 899 157
1 1 314 262
6 1 854 28
7 1 733 289
12 1 472 323
5
0 1 903 158
1 1 314 263
6 1 846 24
12 1 476 323
24 1 444 338
5
0 1 906 160
1 1 314 263
6 1 841 27
12 1 481 324
22 1 444 338
5
0 1 907 163
1 1 317 263
6 1 846 27
12 1 488 323
22 1 444 338
5
0 1 906 164
1 1 318 263
6 1 853 26
12 1 490 321
22 1 448 339
5
0 1 909 165
1 1 315 264
6 1 853 29
12 1 492 319
22 1 450 336
5
0 1 912 165
1 1 311 266
6 1 851 29
12 1 495 319
22 1 454 334
5
0 1 910 168
1 1 311 268
6 1 848 29
12 1 497 321
22 1 457 330
5
0 1 902 172
1 1 314 266
6 1 855 27
12 1 496 323
22 1 456 330
5
0 1 908 171
1 1 310 266
6 1 864 27
12 1 493 323
22 1 452 331
5
0 1 918 169
1 1 309 261
6 1 878 24
12 1 492 321
22 1 452 332
5
0 1 923 166
1 1 312 260
6 1 879 28
12 1 496 318
22 1 454 333
5
0 1 916 169
1 1 319 263
6 1 880 31
12 1 501 315
22 1 460 335
5
0 1 920 169
1 1 321 265
6 1 890 25
12 1 502 314
22 1 468 336
5
0 1 927 168
1 1 328 262
6 1 901 19
12 1 507 316
22 1 475 335
5
0 1 930 171
1 1 337 255
6 1 910 17
12 1 512 317
22 1 478 333
5
0 1 930 174
1 1 345 249
6 1 914 18
12 1 516 321
22 1 478 330
5
0 1 926 179
1 1 337 251
6 1 913 22
12 1 520 326
22 1 479 331
5
0 1 921 175
1 1 339 246
6 1 915 22
12 1 524 326
22 1 480 332
5
0 1 912 175
1 1 345 243
6 1 919 18
12 1 525 326
22 1 483 333
5
0 1 912 174
1 1 338 245
6 1 918 18
12 1 524 325
22 1 486 333
5
0 1 921 173
1 1 325 248
6 1 917 20
12 1 523 326
22 1 490 333
5
0 1 930 170
1 1 308 250
6 1 916 21
12 1 524 326
22 1 492 332
5
0 1 941 165
1 1 290 252
6 1 913 23
12 1 532 327
22 1 494 331
5
0 1 946 164
1 1 289 252
6 1 911 24
12 1 537 326
22 1 496 330
5
0 1 945 168
1 1 289 252
6 1 910 24
12 1 537 323
22 1 499 330
5
0 1 940 173
1 1 297 248
6 1 912 23
12 1 542 322
22 1 501 329
5
0 1 937 176
1 1 300 249
6 1 918 21
12 1 549 319
22 1 504 329
5
0 1 938 177
1 1 297 253
6 1 927 19
12 1 554 320
22 1 507 327
5
0 1 943 175
1 1 292 257
6 1 934 20
12 1 556 321
22 1 508 326
5
0 1 946 174
1 1 285 257
6 1 943 23
12 1 558 321
22 1 508 326
5
0 1 946 176
1 1 279 257
6 1 951 24
12 1 562 320
22 1 509 328
5
0 1 945 178
1 1 272 258
6 1 954 24
12 1 565 318
22 1 509 329
5
0 1 944 178
1 1 268 257
6 1 952 29
12 1 566 318
22 1 509 330
5
0 1 945 176
1 1 268 256
6 1 950 29
12 1 565 318
22 1 510 331
5
0 1 943 175
1 1 264 257
6 1 951 28
12 1 567 319
22 1 510 329
5
0 1 944 174
1 1 258 258
6 1 958 27
12 1 570 318
22 1 509 328
5
0 1 951 172
1 1 259 259
6 1 963 26
12 1 573 317
22 1 509 329
5
0 1 962 172
1 1 259 259
6 1 962 25
12 1 578 316
22 1 509 327
5
0 1 970 174
1 1 257 259
6 1 958 23
12 1 582 317
22 1 507 325
5
0 1 970 175
1 1 253 260
6 1 953 24
12 1 584 317
22 1 507 324
5
0 1 963 174
1 1 258 261
6 1 953 25
12 1 587 315
22 1 509 325
5
0 1 955 174
1 1 271 262
6 1 956 24
12 1 590 313
22 1 510 325
5
0 1 950 176
1 1 274 263
6 1 964 20
12 1 591 313
22 1 511 324
5
0 1 946 177
1 1 276 263
6 1 973 18
12 1 591 314
22 1 510 322
4
0 1 945 175
1 1 274 263
6 1 979 18
12 1 593 313
4
0 1 948 176
1 1 271 263
6 1 981 19
12 1 594 313
4
0 1 950 175
1 1 272 262
6 1 983 18
12 1 594 313
4
0 1 959 174
1 1 266 263
6 1 987 16
12 1 593 313
4
0 1 971 174
1 1 258 265
6 1 988 16
12 1 590 313
4
0 1 986 175
1 1 255 265
6 1 991 17
12 1 590 312
4
0 1 995 177
1 1 251 265
6 1 993 16
12 1 591 314
4
0 1 1001 174
1 1 253 264
6 1 994 15
12 1 592 316
4
0 1 1003 171
1 1 257 262
6 1 993 14
12 1 591 319
4
0 1 1001 170
1 1 260 260
6 1 987 15
12 1 591 319
4
0 1 997 169
1 1 255 260
6 1 978 17
12 1 590 318
4
0 1 992 171
1 1 247 260
6 1 972 18
12 1 589 317
4
0 1 992 175
1 1 240 259
6 1 969 19
12 1 587 316
4
0 1 993 178
1 1 238 255
6 1 968 19
12 1 586 316
3
0 1 993 184
1 1 241 251
6 1 975 16
3
0 1 992 189
1 1 246 250
6 1 981 10
3
0 1 992 188
1 1 247 251
6 1 987 3
3
0 1 989 189
1 1 245 251
6 1 994 -2
3
0 1 988 190
1 1 245 251
6 1 1000 -4
3
0 1 990 190
1 1 246 252
6 1 1003 1
3
0 1 994 190
1 1 246 251
6 1 1002 9
3
0 1 997 189
1 1 241 254
6 1 1001 12
3
0 1 998 188
1 1 235 256
6 1 999 12
3
0 1 996 190
1 1 228 257
6 1 999 11
3
0 1 996 191
1 1 222 259
6 1 999 12
3
0 1 999 189
1 1 216 257
6 1 998 13
3
0 1 997 189
1 1 216 255
6 1 999 13
3
0 1 996 188
1 1 217 255
6 1 999 13
3
0 1 996 189
1 1 220 256
6 1 999 13
3
0 1 997 191
1 1 222 257
6 1 999 12
3
0 1 997 192
1 1 221 258
6 1 1000 13
3
0 1 996 190
1 1 218 256
6 1 1001 13
3
0 1 997 189
1 1 216 254
6 1 1002 14
3
0 1 999 190
1 1 216 253
6 1 1001 14
3
0 1 998 191
1 1 217 255
6 1 1000 14
3
0 1 998 190
1 1 216 258
6 1 1002 14
3
0 1 999 189
1 1 218 260
6 1 1005 13
3
0 1 1000 188
1 1 215 262
6 1 1006 11
3
0 1 1000 188
1 1 213 262
6 1 1005 10
2
1 1 212 262
6 1 1003 13
2
1 1 213 258
6 1 1001 14
2
1 1 216 255
6 1 1000 12
2
1 1 220 253
6 1 1001 12
2
1 1 220 254
6 1 1004 13
2
1 1 219 256
6 1 1006 13
3
1 1 219 256
6 1 1007 12
25 1 937 222
3
1 1 218 256
6 1 1005 12
23 1 937 222
2
1 1 217 258
23 1 937 222
2
1 1 217 258
23 1 935 224
2
1 1 219 256
23 1 929 226
2
1 1 220 257
23 1 919 227
2
1 1 221 258
23 1 919 225
2
1 1 222 258
23 1 915 225
2
1 1 220 256
23 1 917 223
2
1 1 217 255
23 1 909 224
2
1 1 217 255
23 1 897 225
2
1 1 219 254
23 1 886 226
2
1 1 220 255
23 1 885 228
2
1 1 219 257
23 1 876 232
2
1 1 217 258
23 1 874 231
2
1 1 213 257
23 1 878 227
2
1 1 213 257
23 1 881 223
2
1 1 214 255
23 1 877 223
2
1 1 212 254
23 1 871 224
2
1 1 213 254
23 1 870 225
2
1 1 216 255
23 1 869 225
2
1 1 224 256
23 1 860 224
2
1 1 229 255
23 1 853 223
2
1 1 228 255
23 1 854 223
2
1 1 230 256
23 1 852 225
2
1 1 229 255
23 1 854 225
2
1 1 232 254
23 1 853 224
2
1 1 233 253
23 1 853 224
2
1 1 232 257
23 1 850 223
2
1 1 228 262
23 1 848 219
2
1 1 230 263
23 1 850 216
2
1 1 233 261
23 1 849 218
2
1 1 234 261
23 1 849 218
2
1 1 234 260
23 1 844 219
2
1 1 235 257
23 1 838 220
2
1 1 235 256
23 1 829 221
2
1 1 234 256
23 1 822 221
2
1 1 231 255
23 1 822 220
2
1 1 227 253
23 1 816 221
2
1 1 226 251
23 1 812 221
2
1 1 225 252
23 1 814 219
2
1 1 220 256
23 1 814 218
2
1 1 225 255
23 1 811 217
2
1 1 224 252
23 1 818 215
2
1 1 221 250
23 1 827 213
2
1 1 220 248
23 1 829 213
2
1 1 219 249
23 1 826 213
2
1 1 215 251
23 1 816 214
2
1 1 210 252
23 1 792 220
2
1 1 210 252
23 1 776 226
2
1 1 210 252
23 1 767 230
2
1 1 212 251
23 1 770 229
2
1 1 216 249
23 1 778 225
2
1 1 222 247
23 1 786 222
2
1 1 219 248
23 1 786 218
2
1 1 217 249
23 1 790 213
2
1 1 217 247
23 1 787 213
2
1 1 217 246
23 1 782 214
2
1 1 217 249
23 1 781 217
2
1 1 215 252
23 1 774 218
2
1 1 206 258
23 1 763 221
2
1 1 210 258
23 1 757 225
2
1 1 215 258
23 1 755 226
2
1 1 215 260
23 1 756 223
2
1 1 218 260
23 1 758 220
2
1 1 224 257
23 1 761 216
2
1 1 233 252
23 1 763 212
2
1 1 251 245
23 1 763 210
2
1 1 250 241
23 1 763 211
2
1 1 261 237
23 1 763 210
2
1 1 258 238
23 1 764 210
3
1 1 243 245
23 1 766 209
26 1 721 221
3
1 1 222 255
23 1 766 208
24 1 721 221
3
1 1 209 263
23 1 768 206
24 1 721 221
3
1 1 204 267
23 1 768 207
24 1 719 225
3
1 1 204 269
23 1 766 208
24 1 717 228
3
1 1 204 270
23 1 762 209
24 1 714 230
3
1 1 206 269
23 1 759 209
24 1 712 232
3
1 1 209 266
23 1 759 209
24 1 705 232
3
1 1 215 262
23 1 759 209
24 1 701 233
3
1 1 217 260
23 1 758 208
24 1 696 230
3
1 1 217 266
23 1 763 204
24 1 695 229
3
1 1 217 271
23 1 766 201
24 1 693 229
3
1 1 214 275
23 1 768 200
24 1 689 230
3
1 1 214 273
23 1 766 200
24 1 685 227
3
1 1 210 271
23 1 765 199
24 1 683 224
3
1 1 202 269
23 1 763 201
24 1 684 225
3
1 1 195 270
23 1 761 203
24 1 685 224
3
1 1 190 271
23 1 759 202
24 1 683 223
3
1 1 186 275
23 1 760 200
24 1 677 223
3
1 1 181 277
23 1 758 197
24 1 670 226
3
1 1 179 278
23 1 756 198
24 1 665 230
3
1 1 183 275
23 1 756 203
24 1 662 231
3
1 1 189 272
23 1 758 203
24 1 659 230
3
1 1 193 271
23 1 760 201
24 1 657 228
3
1 1 193 273
23 1 762 199
24 1 652 224
3
1 1 192 274
23 1 764 198
24 1 648 221
2
1 1 198 275
24 1 646 223
2
1 1 196 276
24 1 645 225
2
1 1 193 274
24 1 644 230
2
1 1 192 273
24 1 643 231
2
1 1 192 274
24 1 643 231
2
1 1 193 273
24 1 638 231
2
1 1 187 275
24 1 636 232
2
1 1 181 279
24 1 633 232
2
1 1 180 282
24 1 630 231
2
1 1 179 281
24 1 628 226
2
1 1 187 278
24 1 622 223
2
1 1 190 274
24 1 616 222
2
1 1 200 272
24 1 613 224
2
1 1 204 271
24 1 608 228
2
1 1 204 271
24 1 606 230
2
1 1 192 273
24 1 607 229
2
1 1 173 273
24 1 608 228
2
1 1 157 273
24 1 600 229
2
1 1 149 271
24 1 594 230
2
1 1 154 275
24 1 590 229
2
1 1 162 282
24 1 584 228
2
1 1 164 288
24 1 581 228
2
1 1 160 288
24 1 582 229
2
1 1 160 281
24 1 582 228
2
1 1 164 276
24 1 582 229
2
1 1 168 274
24 1 581 229
2
1 1 168 273
24 1 578 226
2
1 1 170 273
24 1 575 225
2
1 1 170 274
24 1 570 228
2
1 1 167 277
24 1 564 231
2
1 1 161 280
24 1 560 231
2
1 1 153 282
24 1 556 227
2
1 1 146 282
24 1 553 222
2
1 1 143 280
24 1 549 218
2
1 1 139 280
24 1 549 221
2
1 1 138 281
24 1 550 225
2
1 1 136 281
24 1 547 226
2
1 1 134 279
24 1 543 229
2
1 1 125 281
24 1 542 230
2
1 1 117 283
24 1 539 229
2
1 1 106 287
24 1 535 228
2
1 1 105 288
24 1 528 223
2
1 1 110 286
24 1 524 220
2
1 1 115 285
24 1 524 218
2
1 1 112 285
24 1 523 217
2
1 1 111 285
24 1 521 219
2
1 1 107 286
24 1 517 222
2
1 1 114 285
24 1 512 223
2
1 1 122 282
24 1 510 224
2
1 1 122 282
24 1 506 221
2
1 1 128 283
24 1 505 218
3
1 1 134 285
24 1 503 218
27 1 3 365
3
1 1 140 287
24 1 501 219
25 1 3 365
3
1 1 138 290
24 1 502 223
25 1 3 365
3
1 1 132 291
24 1 499 224
25 1 5 363
3
1 1 128 288
24 1 493 224
25 1 7 358
3
1 1 122 283
24 1 489 228
25 1 10 350
3
1 1 116 278
24 1 488 231
25 1 9 344
3
1 1 114 268
24 1 487 229
25 1 12 346
3
1 1 114 261
24 1 485 227
25 1 15 350
3
1 1 111 259
24 1 482 224
25 1 16 351
3
1 1 109 257
24 1 480 224
25 1 17 349
3
1 1 112 261
24 1 475 225
25 1 22 347
4
1 1 115 266
24 1 468 226
25 1 26 340
29 1 183 315
4
1 1 115 267
24 1 459 226
25 1 35 329
27 1 183 315
4
1 1 113 267
24 1 451 224
25 1 43 322
27 1 183 315
4
1 1 104 271
24 1 448 223
25 1 45 316
27 1 186 316
4
1 1 90 277
24 1 447 226
25 1 46 313
27 1 192 317
4
1 1 80 281
24 1 447 229
25 1 44 303
27 1 198 315
4
1 1 75 279
24 1 446 231
25 1 24 312
27 1 204 313
4
1 1 73 276
24 1 446 231
25 1 1 327
27 1 210 310
4
1 1 71 277
24 1 449 231
25 1 -13 338
27 1 219 311
4
1 1 71 279
24 1 448 230
25 1 -15 344
27 1 229 312
4
1 1 73 278
24 1 448 230
25 1 -16 341
27 1 245 309
4
1 1 72 277
24 1 442 228
25 1 -16 336
27 1 263 305
4
1 1 75 278
24 1 435 225
25 1 -17 330
27 1 270 305
5
1 1 77 280
24 1 430 224
25 1 -16 325
27 1 269 307
31 1 8 373
5
1 1 72 281
24 1 427 226
25 1 -13 321
27 1 270 306
28 1 8 373
5
1 1 68 281
24 1 425 230
25 1 -5 320
27 1 272 306
28 1 8 373
5
1 1 66 280
24 1 421 233
25 1 1 322
27 1 277 304
28 1 5 374
5
1 1 66 276
24 1 420 235
25 1 6 328
27 1 283 302
28 1 1 374
5
1 1 66 274
24 1 418 234
25 1 14 335
27 1 297 304
28 1 4 374
5
1 1 66 271
24 1 418 234
25 1 21 338
27 1 312 303
28 1 13 374
5
1 1 70 268
24 1 418 235
25 1 22 343
27 1 325 300
28 1 24 372
5
1 1 71 265
24 1 416 232
25 1 24 346
27 1 329 298
28 1 35 370
5
1 1 65 266
24 1 412 228
25 1 32 344
27 1 328 296
28 1 44 371
5
1 1 57 266
24 1 409 228
25 1 44 339
27 1 346 294
28 1 47 371
5
1 1 51 265
24 1 406 230
25 1 48 336
27 1 363 291
28 1 46 372
5
1 1 51 268
24 1 403 231
25 1 56 331
27 1 373 290
28 1 42 370
5
1 1 52 273
24 1 397 232
25 1 60 327
27 1 374 291
28 1 44 369
5
1 1 53 278
24 1 390 232
25 1 64 326
27 1 377 287
28 1 48 367
5
1 1 55 275
24 1 385 232
25 1 61 325
27 1 376 278
28 1 57 369
5
1 1 53 272
24 1 383 234
25 1 55 327
27 1 376 275
28 1 63 373
5
1 1 53 270
24 1 381 235
25 1 52 330
27 1 373 278
28 1 64 372
6
1 1 52 271
24 1 382 234
25 1 58 330
27 1 371 286
28 1 64 373
32 1 5 160
6
1 1 51 270
24 1 382 234
25 1 67 329
27 1 365 294
28 1 60 375
29 1 5 160
6
1 1 49 271
24 1 383 232
25 1 80 327
27 1 357 300
28 1 50 378
29 1 5 160
6
1 1 47 273
24 1 379 234
25 1 89 325
27 1 355 299
28 1 36 379
29 1 5 164
6
1 1 42 276
24 1 374 237
25 1 96 323
27 1 355 299
28 1 27 381
29 1 11 162
6
1 1 32 279
24 1 370 237
25 1 99 322
27 1 359 299
28 1 10 378
29 1 22 156
6
1 1 24 281
24 1 368 238
25 1 94 320
27 1 364 298
28 1 5 379
29 1 31 153
6
1 1 24 279
24 1 367 237
25 1 90 320
27 1 372 294
28 1 1 379
29 1 35 151
6
1 1 22 279
24 1 366 235
25 1 86 322
27 1 385 288
28 1 0 381
29 1 36 151
6
1 1 21 280
24 1 362 235
25 1 90 323
27 1 404 282
28 1 3 382
29 1 36 151
6
1 1 17 281
24 1 358 234
25 1 89 324
27 1 428 283
28 1 8 383
29 1 32 156
6
1 1 15 280
24 1 358 234
25 1 97 328
27 1 471 289
28 1 22 384
29 1 33 157
6
1 1 16 280
24 1 358 233
25 1 113 331
27 1 496 298
28 1 37 379
29 1 32 156
6
1 1 15 279
24 1 359 233
25 1 130 333
27 1 513 305
28 1 39 378
29 1 31 156
6
1 1 15 280
24 1 358 234
25 1 134 333
27 1 524 307
28 1 32 379
29 1 28 155
6
1 1 15 280
24 1 357 233
25 1 138 331
27 1 528 299
28 1 27 381
29 1 30 153
6
1 1 14 278
24 1 345 234
25 1 138 330
27 1 529 289
28 1 21 379
29 1 34 153
6
1 1 17 277
24 1 329 235
25 1 139 331
27 1 531 285
28 1 22 376
29 1 41 153
6
1 1 15 279
24 1 302 238
25 1 137 331
27 1 534 284
28 1 24 376
29 1 61 151
6
1 1 14 280
24 1 287 239
25 1 129 332
27 1 537 287
28 1 29 377
29 1 76 148
6
1 1 12 279
24 1 287 238
25 1 125 331
27 1 539 291
28 1 29 378
29 1 83 147
6
1 1 12 279
24 1 291 239
25 1 127 330
27 1 539 297
28 1 28 377
29 1 86 147
6
1 1 16 279
24 1 287 245
25 1 130 329
27 1 542 301
28 1 28 375
29 1 89 146
6
1 1 14 280
24 1 285 248
25 1 122 332
27 1 550 301
28 1 31 372
29 1 93 143
6
1 1 15 280
24 1 278 249
25 1 124 333
27 1 558 300
28 1 32 371
29 1 95 143
6
1 1 17 279
24 1 278 247
25 1 134 332
27 1 567 300
28 1 37 371
29 1 91 145
6
1 1 18 279
24 1 285 239
25 1 145 332
27 1 574 300
28 1 43 374
29 1 82 151
6
1 1 16 279
24 1 291 233
25 1 155 333
27 1 579 304
28 1 44 377
29 1 77 155
6
1 1 11 278
24 1 298 227
25 1 161 332
27 1 581 304
28 1 47 375
29 1 77 154
6
1 1 5 278
24 1 297 224
25 1 159 331
27 1 590 309
28 1 51 371
29 1 75 150
6
1 1 6 278
24 1 285 229
25 1 164 329
27 1 604 314
28 1 59 366
29 1 78 147
6
1 1 6 278
24 1 262 243
25 1 170 331
27 1 615 316
28 1 72 364
29 1 83 147
6
1 1 5 280
24 1 248 252
25 1 172 332
27 1 619 315
28 1 89 361
29 1 91 148
6
1 1 6 280
24 1 249 253
25 1 180 334
27 1 624 313
28 1 95 361
29 1 102 143
6
1 1 9 278
24 1 261 245
25 1 187 334
27 1 629 310
28 1 96 363
29 1 118 136
6
1 1 11 275
24 1 285 230
25 1 198 333
27 1 634 307
28 1 109 363
29 1 126 132
6
1 1 11 274
24 1 287 233
25 1 206 332
27 1 639 304
28 1 104 365
29 1 127 131
6
1 1 6 275
24 1 280 240
25 1 207 332
27 1 642 305
28 1 110 364
29 1 124 133
6
1 1 8 272
24 1 275 242
25 1 210 333
27 1 644 305
28 1 95 365
29 1 116 136
6
1 1 8 269
24 1 271 240
25 1 210 333
27 1 646 308
28 1 101 367
29 1 115 137
6
1 1 10 271
24 1 255 237
25 1 206 332
27 1 646 313
28 1 98 368
29 1 130 131
6
1 1 13 275
24 1 245 236
25 1 211 331
27 1 648 315
28 1 106 366
29 1 146 125
6
1 1 11 280
24 1 235 237
25 1 211 334
27 1 651 315
28 1 118 364
29 1 154 121
6
1 1 7 280
24 1 236 234
25 1 203 336
27 1 652 312
28 1 131 363
29 1 159 121
6
1 1 7 280
24 1 246 223
25 1 188 338
27 1 648 312
28 1 133 364
29 1 158 122
6
1 1 6 281
24 1 255 215
25 1 190 336
27 1 644 312
28 1 133 360
29 1 155 124
6
1 1 12 274
24 1 264 217
25 1 196 332
27 1 644 314
28 1 132 358
29 1 155 126
6
1 1 12 275
24 1 266 222
25 1 187 330
27 1 643 314
28 1 122 360
29 1 160 124
6
1 1 11 276
24 1 264 229
25 1 181 331
27 1 642 313
28 1 108 369
29 1 165 121
6
1 1 9 280
24 1 259 235
25 1 171 331
27 1 642 311
28 1 98 370
29 1 169 118
6
1 1 5 285
24 1 254 238
25 1 175 330
27 1 641 309
28 1 94 367
29 1 176 116
6
1 1 3 287
24 1 243 239
25 1 187 328
27 1 644 312
28 1 97 366
29 1 175 117
6
1 1 3 285
24 1 234 240
25 1 195 331
27 1 649 315
28 1 102 366
29 1 177 115
6
1 1 5 284
24 1 231 240
25 1 205 329
27 1 650 317
28 1 109 366
29 1 177 114
5
1 1 5 280
24 1 215 241
25 1 216 325
28 1 127 368
29 1 181 114
5
1 1 6 277
24 1 218 238
25 1 217 323
28 1 142 364
29 1 190 113
5
1 1 8 277
24 1 221 233
25 1 232 317
28 1 149 366
29 1 197 110
5
1 1 10 278
24 1 223 231
25 1 242 314
28 1 159 365
29 1 201 109
5
1 1 6 280
24 1 223 234
25 1 245 311
28 1 164 360
29 1 200 111
5
1 1 11 279
24 1 222 235
25 1 241 312
28 1 173 355
29 1 202 110
5
1 1 20 278
24 1 222 233
25 1 246 309
28 1 180 352
29 1 197 109
5
1 1 32 279
24 1 215 231
25 1 243 312
28 1 191 351
29 1 194 111
5
1 1 40 280
24 1 210 231
25 1 251 316
28 1 198 351
29 1 194 110
5
1 1 45 279
24 1 202 233
25 1 259 318
28 1 220 353
29 1 194 110
5
1 1 45 277
24 1 196 235
25 1 264 316
28 1 220 353
29 1 193 113
5
1 1 39 274
24 1 185 239
25 1 274 316
28 1 215 351
29 1 191 114
5
1 1 34 271
24 1 169 246
25 1 276 318
28 1 204 352
29 1 194 113
5
1 1 35 269
24 1 147 255
25 1 274 318
28 1 195 356
29 1 202 107
5
1 1 41 269
24 1 124 259
25 1 264 318
28 1 195 359
29 1 216 103
5
1 1 45 271
24 1 108 255
25 1 257 319
28 1 199 359
29 1 229 101
5
1 1 46 277
24 1 103 252
25 1 259 319
28 1 211 358
29 1 238 103
5
1 1 39 281
24 1 102 249
25 1 261 317
28 1 225 358
29 1 246 106
6
1 1 36 281
24 1 103 248
25 1 266 314
28 1 241 356
29 1 250 109
33 1 5 324
6
1 1 37 279
24 1 104 245
25 1 268 312
28 1 252 353
29 1 253 111
30 1 5 324
6
1 1 40 275
24 1 107 244
25 1 269 311
28 1 253 348
29 1 252 114
30 1 5 324
6
1 1 40 275
24 1 110 246
25 1 273 310
28 1 249 346
29 1 247 114
30 1 5 324
6
1 1 38 278
24 1 112 249
25 1 278 311
28 1 255 345
29 1 241 110
30 1 4 325
6
1 1 32 280
24 1 115 248
25 1 278 313
28 1 254 347
29 1 236 106
30 1 5 325
6
1 1 38 275
24 1 114 245
25 1 292 312
28 1 252 350
29 1 236 102
30 1 6 324
6
1 1 59 271
24 1 110 245
25 1 308 311
28 1 256 351
29 1 239 100
30 1 5 323
6
1 1 61 272
24 1 103 246
25 1 318 310
28 1 253 352
29 1 243 100
30 1 5 321
6
1 1 59 275
24 1 108 243
25 1 323 306
28 1 231 358
29 1 247 101
30 1 4 320
6
1 1 63 272
24 1 114 241
25 1 323 305
28 1 242 354
29 1 254 98
30 1 3 322
6
1 1 59 270
24 1 120 238
25 1 321 305
28 1 242 351
29 1 259 99
30 1 4 323
6
1 1 53 269
24 1 118 236
25 1 328 305
28 1 250 349
29 1 255 101
30 1 4 322
6
1 1 46 272
24 1 117 233
25 1 336 304
28 1 262 348
29 1 250 102
30 1 4 319
6
1 1 46 270
24 1 116 230
25 1 340 305
28 1 273 348
29 1 258 100
30 1 4 313
6
1 1 50 266
24 1 123 227
25 1 343 306
28 1 287 346
29 1 277 92
30 1 7 311
6
1 1 54 270
24 1 124 228
25 1 342 308
28 1 304 346
29 1 285 86
30 1 8 313
6
1 1 57 276
24 1 119 232
25 1 342 307
28 1 320 345
29 1 286 83
30 1 7 314
6
1 1 57 278
24 1 112 236
25 1 337 310
28 1 328 344
29 1 287 83
30 1 4 313
6
1 1 55 272
24 1 105 234
25 1 323 312
28 1 334 344
29 1 290 86
30 1 2 313
6
1 1 54 267
24 1 106 229
25 1 326 310
28 1 336 346
29 1 294 89
30 1 3 312
6
1 1 53 266
24 1 106 229
25 1 322 308
28 1 334 350
29 1 300 92
30 1 4 313
6
1 1 55 266
24 1 110 227
25 1 330 304
28 1 310 356
29 1 305 91
30 1 5 313
6
1 1 59 268
24 1 115 228
25 1 328 304
28 1 258 362
29 1 309 88
30 1 4 311
6
1 1 69 271
24 1 118 228
25 1 324 307
28 1 233 364
29 1 310 84
30 1 5 310
6
1 1 76 274
24 1 122 229
25 1 330 306
28 1 223 365
29 1 308 85
30 1 5 309
6
1 1 84 274
24 1 114 230
25 1 344 302
28 1 233 360
29 1 309 85
30 1 4 308
6
1 1 96 273
24 1 112 231
25 1 355 301
28 1 254 356
29 1 309 86
30 1 3 310
6
1 1 92 276
24 1 99 233
25 1 360 298
28 1 266 357
29 1 309 88
30 1 2 311
6
1 1 96 274
24 1 83 234
25 1 358 301
28 1 267 356
29 1 312 88
30 1 3 309
6
1 1 87 275
24 1 69 236
25 1 364 300
28 1 271 356
29 1 318 85
30 1 5 306
6
1 1 77 277
24 1 65 235
25 1 376 296
28 1 279 357
29 1 322 81
30 1 9 306
6
1 1 70 277
24 1 66 232
25 1 388 296
28 1 292 352
29 1 328 78
30 1 13 308
6
1 1 66 278
24 1 74 227
25 1 390 298
28 1 296 349
29 1 331 77
30 1 20 306
6
1 1 64 278
24 1 82 223
25 1 383 300
28 1 294 349
29 1 338 76
30 1 22 300
6
1 1 65 279
24 1 80 228
25 1 381 302
28 1 293 349
29 1 343 74
30 1 23 298
6
1 1 66 280
24 1 70 234
25 1 379 303
28 1 292 349
29 1 343 73
30 1 26 293
6
1 1 68 280
24 1 58 236
25 1 380 303
28 1 289 350
29 1 341 73
30 1 28 284
6
1 1 71 280
24 1 54 232
25 1 381 302
28 1 288 348
29 1 343 75
30 1 27 281
6
1 1 82 280
24 1 52 229
25 1 380 301
28 1 288 346
29 1 349 76
30 1 25 283
6
1 1 109 276
24 1 50 228
25 1 384 300
28 1 289 345
29 1 352 73
30 1 24 291
6
1 1 109 277
24 1 48 230
25 1 398 299
28 1 293 347
29 1 353 71
30 1 22 298
6
1 1 102 279
24 1 50 229
25 1 414 299
28 1 298 346
29 1 358 71
30 1 23 299
6
1 1 88 283
24 1 52 225
25 1 423 297
28 1 306 345
29 1 363 70
30 1 21 298
6
1 1 74 286
24 1 56 224
25 1 426 293
28 1 334 341
29 1 368 72
30 1 21 296
6
1 1 60 288
24 1 58 223
25 1 424 290
28 1 364 336
29 1 372 72
30 1 26 292
6
1 1 46 285
24 1 59 225
25 1 422 289
28 1 383 333
29 1 376 70
30 1 40 284
6
1 1 36 283
24 1 54 227
25 1 423 288
28 1 390 333
29 1 381 66
30 1 49 278
6
1 1 30 279
24 1 46 225
25 1 425 288
28 1 391 332
29 1 383 65
30 1 54 274
6
1 1 30 276
24 1 44 227
25 1 425 290
28 1 391 330
29 1 384 63
30 1 55 274
6
1 1 37 273
24 1 42 228
25 1 426 292
28 1 398 329
29 1 386 61
30 1 52 280
6
1 1 43 271
24 1 35 230
25 1 429 293
28 1 419 324
29 1 390 61
30 1 53 286
6
1 1 48 270
24 1 23 233
25 1 431 293
28 1 445 317
29 1 389 62
30 1 53 287
6
1 1 54 269
24 1 12 237
25 1 433 293
28 1 461 312
29 1 388 61
30 1 52 284
6
1 1 56 270
24 1 8 236
25 1 440 290
28 1 472 314
29 1 390 59
30 1 52 281
6
1 1 51 273
24 1 5 235
25 1 448 289
28 1 478 316
29 1 392 58
30 1 55 280
7
1 1 47 273
24 1 8 231
25 1 454 285
28 1 481 318
29 1 396 58
30 1 57 279
34 1 978 186
7
1 1 47 272
24 1 11 226
25 1 456 283
28 1 481 319
29 1 403 57
30 1 55 280
31 1 978 186
7
1 1 47 277
24 1 16 224
25 1 458 288
28 1 481 322
29 1 407 54
30 1 62 273
31 1 978 186
7
1 1 48 283
24 1 16 227
25 1 460 292
28 1 482 323
29 1 409 52
30 1 70 259
31 1 978 186
7
1 1 47 284
24 1 11 232
25 1 463 291
28 1 482 324
29 1 414 50
30 1 75 251
31 1 982 184
7
1 1 46 283
24 1 7 236
25 1 464 291
28 1 479 322
29 1 418 49
30 1 76 250
31 1 988 177
7
1 1 47 278
24 1 5 236
25 1 467 291
28 1 476 319
29 1 421 45
30 1 81 250
31 1 993 170
8
1 1 53 272
24 1 3 234
25 1 470 292
28 1 480 318
29 1 425 43
30 1 88 251
31 1 994 164
36 1 371 333
8
1 1 67 262
24 1 9 229
25 1 474 291
28 1 484 317
29 1 428 41
30 1 102 257
31 1 994 163
33 1 371 333
9
1 1 75 254
24 1 9 228
25 1 479 291
28 1 487 317
29 1 429 39
30 1 118 272
31 1 997 166
33 1 371 333
37 1 917 218
9
1 1 82 247
24 1 14 222
25 1 484 291
28 1 494 318
29 1 427 41
30 1 123 280
31 1 997 169
33 1 370 333
34 1 917 218
9
1 1 85 243
24 1 12 220
25 1 488 290
28 1 502 317
29 1 431 45
30 1 119 283
31 1 997 172
33 1 372 333
34 1 917 218
9
1 1 87 241
24 1 14 220
25 1 491 288
28 1 508 317
29 1 436 47
30 1 112 285
31 1 993 171
33 1 379 333
34 1 913 216
9
1 1 87 242
24 1 11 222
25 1 492 285
28 1 508 318
29 1 445 47
30 1 113 284
31 1 989 167
33 1 391 331
34 1 910 214
9
1 1 87 241
24 1 5 224
25 1 492 283
28 1 509 318
29 1 449 50
30 1 114 281
31 1 983 164
33 1 404 330
34 1 902 214
9
1 1 83 247
24 1 2 224
25 1 493 280
28 1 512 316
29 1 451 51
30 1 121 277
31 1 979 165
33 1 409 329
34 1 891 218
9
1 1 82 252
24 1 0 223
25 1 498 279
28 1 516 314
29 1 453 47
30 1 128 274
31 1 978 167
33 1 412 330
34 1 881 221
9
1 1 86 248
24 1 -1 219
25 1 503 280
28 1 519 313
29 1 455 42
30 1 126 275
31 1 977 166
33 1 413 330
34 1 877 223
9
1 1 92 243
24 1 -3 215
25 1 508 282
28 1 520 315
29 1 458 39
30 1 127 276
31 1 975 166
33 1 411 328
34 1 875 223
9
1 1 103 238
24 1 -1 216
25 1 512 283
28 1 522 313
29 1 462 39
30 1 129 277
31 1 974 166
33 1 407 325
34 1 864 224
9
1 1 136 228
24 1 0 219
25 1 513 283
28 1 524 313
29 1 466 39
30 1 130 275
31 1 973 165
33 1 404 323
34 1 858 224
9
1 1 147 224
24 1 0 220
25 1 514 283
28 1 526 313
29 1 462 40
30 1 124 275
31 1 974 163
33 1 401 323
34 1 854 223
9
1 1 147 223
24 1 1 220
25 1 518 283
28 1 526 312
29 1 460 42
30 1 116 278
31 1 976 163
33 1 399 325
34 1 854 220
9
1 1 142 221
24 1 2 219
25 1 524 281
28 1 529 309
29 1 463 44
30 1 115 278
31 1 975 164
33 1 399 327
34 1 860 211
9
1 1 137 222
24 1 0 220
25 1 526 280
28 1 533 311
29 1 470 40
30 1 118 277
31 1 972 166
33 1 399 329
34 1 872 199
9
1 1 135 227
24 1 -1 220
25 1 530 281
28 1 542 317
29 1 479 37
30 1 115 279
31 1 968 165
33 1 400 330
34 1 884 193
9
1 1 134 229
24 1 -2 219
25 1 533 285
28 1 547 322
29 1 484 38
30 1 114 279
31 1 966 163
33 1 399 332
34 1 890 194
9
1 1 138 224
24 1 -1 217
25 1 536 287
28 1 550 320
29 1 488 38
30 1 118 279
31 1 965 161
33 1 395 332
34 1 883 196
9
1 1 143 217
24 1 0 215
25 1 540 288
28 1 551 319
29 1 488 36
30 1 124 277
31 1 969 158
33 1 405 330
34 1 877 198
9
1 1 147 212
24 1 -2 214
25 1 542 288
28 1 554 318
29 1 492 28
30 1 125 276
31 1 973 156
33 1 426 329
34 1 874 200
9
1 1 144 213
24 1 -4 217
25 1 544 288
28 1 555 317
29 1 498 22
30 1 129 275
31 1 969 159
33 1 448 325
34 1 874 202
9
1 1 142 214
24 1 -4 219
25 1 549 287
28 1 556 315
29 1 504 21
30 1 135 276
31 1 964 160
33 1 454 323
34 1 871 203
9
1 1 141 217
24 1 -3 220
25 1 555 287
28 1 559 315
29 1 504 22
30 1 142 274
31 1 961 159
33 1 455 321
34 1 868 203
9
1 1 140 221
24 1 -1 218
25 1 559 285
28 1 562 317
29 1 501 24
30 1 143 273
31 1 960 160
33 1 457 321
34 1 870 201
9
1 1 142 221
24 1 -2 216
25 1 561 284
28 1 565 317
29 1 500 26
30 1 145 274
31 1 953 164
33 1 454 318
34 1 875 197
9
1 1 146 219
24 1 -4 215
25 1 565 282
28 1 570 310
29 1 503 27
30 1 143 277
31 1 948 164
33 1 450 318
34 1 878 190
9
1 1 154 216
24 1 -4 216
25 1 567 281
28 1 575 303
29 1 509 28
30 1 140 278
31 1 950 162
33 1 456 318
34 1 878 184
9
1 1 158 214
24 1 -2 217
25 1 568 283
28 1 577 301
29 1 519 31
30 1 136 278
31 1 941 165
33 1 467 317
34 1 879 182
9
1 1 162 214
24 1 -3 218
25 1 571 285
28 1 579 300
29 1 528 31
30 1 135 279
31 1 926 171
33 1 476 316
34 1 877 182
9
1 1 161 214
24 1 -4 219
25 1 574 285
28 1 580 302
29 1 533 30
30 1 134 280
31 1 888 184
33 1 480 316
34 1 868 182
9
1 1 156 216
24 1 -4 218
25 1 579 285
28 1 581 299
29 1 534 28
30 1 133 277
31 1 865 191
33 1 483 320
34 1 866 184
9
1 1 152 217
24 1 -4 217
25 1 583 287
28 1 582 297
29 1 536 26
30 1 124 275
31 1 850 192
33 1 483 322
34 1 869 185
9
1 1 145 220
24 1 -5 216
25 1 587 289
28 1 588 297
29 1 538 26
30 1 125 274
31 1 847 190
33 1 484 321
34 1 876 185
9
1 1 147 216
24 1 -6 217
25 1 590 289
28 1 594 299
29 1 540 26
30 1 123 275
31 1 850 187
33 1 483 319
34 1 872 183
8
1 1 150 212
25 1 594 287
28 1 597 303
29 1 541 25
30 1 121 276
31 1 858 182
33 1 480 318
34 1 881 181
8
1 1 154 209
25 1 598 288
28 1 599 305
29 1 543 26
30 1 115 278
31 1 869 179
33 1 479 318
34 1 896 178
8
1 1 158 210
25 1 602 289
28 1 600 303
29 1 544 27
30 1 108 282
31 1 877 179
33 1 482 319
34 1 905 176
8
1 1 166 209
25 1 604 288
28 1 603 303
29 1 545 27
30 1 103 284
31 1 880 180
33 1 484 321
34 1 899 173
8
1 1 179 204
25 1 605 290
28 1 605 302
29 1 551 27
30 1 103 284
31 1 882 181
33 1 486 320
34 1 904 171
8
1 1 191 197
25 1 607 294
28 1 604 303
29 1 555 25
30 1 103 282
31 1 880 183
33 1 490 321
34 1 908 171
8
1 1 200 190
25 1 610 297
28 1 600 303
29 1 558 24
30 1 97 285
31 1 876 186
33 1 494 320
34 1 901 169
8
1 1 205 189
25 1 617 299
28 1 596 303
29 1 562 24
30 1 99 285
31 1 876 187
33 1 499 317
34 1 893 170
8
1 1 207 191
25 1 621 300
28 1 596 301
29 1 566 24
30 1 106 285
31 1 876 186
33 1 502 314
34 1 888 169
8
1 1 208 192
25 1 622 301
28 1 598 301
29 1 571 24
30 1 110 283
31 1 875 184
33 1 507 312
34 1 885 169
8
1 1 210 191
25 1 621 302
28 1 600 302
29 1 576 24
30 1 107 283
31 1 873 183
33 1 506 313
34 1 884 168
8
1 1 212 191
25 1 623 300
28 1 600 302
29 1 580 21
30 1 105 282
31 1 864 181
33 1 506 314
34 1 881 167
8
1 1 218 193
25 1 627 300
28 1 600 305
29 1 584 15
30 1 98 282
31 1 841 173
33 1 504 314
34 1 879 164
8
1 1 222 194
25 1 630 300
28 1 600 306
29 1 587 13
30 1 88 281
31 1 817 164
33 1 503 313
34 1 876 162
8
1 1 223 193
25 1 632 299
28 1 598 304
29 1 588 14
30 1 95 280
31 1 805 156
33 1 505 311
34 1 869 163
8
1 1 222 193
25 1 635 298
28 1 598 303
29 1 588 17
30 1 109 275
31 1 801 155
33 1 507 311
34 1 861 164
8
1 1 217 193
25 1 640 297
28 1 598 302
29 1 590 20
30 1 114 273
31 1 801 156
33 1 512 315
34 1 854 166
8
1 1 217 192
25 1 645 296
28 1 599 299
29 1 593 21
30 1 115 275
31 1 803 157
33 1 517 316
34 1 846 169
8
1 1 221 192
25 1 649 294
28 1 600 299
29 1 596 23
30 1 111 278
31 1 807 159
33 1 520 320
34 1 837 173
7
1 1 224 193
25 1 649 296
29 1 602 23
30 1 116 274
31 1 812 161
33 1 519 324
34 1 822 178
7
1 1 229 189
25 1 647 300
29 1 606 21
30 1 106 271
31 1 824 159
33 1 518 328
34 1 810 185
7
1 1 233 187
25 1 649 305
29 1 611 22
30 1 80 267
31 1 830 156
33 1 518 332
34 1 788 191
7
1 1 232 187
25 1 652 308
29 1 615 23
30 1 66 265
31 1 827 154
33 1 521 333
34 1 771 205
7
1 1 228 187
25 1 655 309
29 1 617 23
30 1 62 266
31 1 818 150
33 1 524 329
34 1 748 212
7
1 1 229 186
25 1 656 307
29 1 618 22
30 1 63 270
31 1 809 144
33 1 523 324
34 1 731 221
7
1 1 228 185
25 1 655 307
29 1 620 22
30 1 65 272
31 1 788 143
33 1 521 323
34 1 705 228
7
1 1 221 187
25 1 656 306
29 1 622 23
30 1 64 273
31 1 778 145
33 1 521 323
34 1 678 239
7
1 1 219 189
25 1 657 303
29 1 622 22
30 1 62 273
31 1 777 145
33 1 521 323
34 1 692 228
7
1 1 220 188
25 1 657 300
29 1 624 20
30 1 62 276
31 1 779 150
33 1 521 323
34 1 746 212
7
1 1 225 184
25 1 657 300
29 1 625 19
30 1 55 281
31 1 778 151
33 1 520 324
34 1 807 205
7
1 1 230 180
25 1 657 301
29 1 629 21
30 1 46 285
31 1 779 148
33 1 522 324
34 1 839 204
7
1 1 242 175
25 1 655 302
29 1 633 24
30 1 39 286
31 1 787 144
33 1 522 324
34 1 863 206
7
1 1 254 170
25 1 653 303
29 1 640 26
30 1 37 283
31 1 787 141
33 1 521 324
34 1 881 208
7
1 1 262 165
25 1 654 305
29 1 645 26
30 1 33 282
31 1 786 142
33 1 522 325
34 1 896 207
7
1 1 266 166
25 1 655 307
29 1 647 25
30 1 32 280
31 1 784 143
33 1 522 324
34 1 908 209
7
1 1 269 168
25 1 656 308
29 1 652 24
30 1 32 279
31 1 782 140
33 1 520 326
34 1 917 212
7
1 1 270 168
25 1 656 307
29 1 656 21
30 1 31 278
31 1 782 132
33 1 518 327
34 1 927 210
7
1 1 268 165
25 1 656 306
29 1 660 19
30 1 29 276
31 1 772 128
33 1 519 328
34 1 936 207
6
1 1 266 163
29 1 662 19
30 1 30 277
31 1 762 126
33 1 519 328
34 1 928 209
6
1 1 265 164
29 1 663 20
30 1 33 280
31 1 756 120
33 1 520 328
34 1 930 206
6
1 1 270 163
29 1 664 20
30 1 32 282
31 1 752 118
33 1 520 328
34 1 939 206
6
1 1 277 161
29 1 666 20
30 1 32 282
31 1 750 118
33 1 520 326
34 1 949 211
6
1 1 281 163
29 1 669 20
30 1 31 281
31 1 751 121
33 1 521 325
34 1 963 226
6
1 1 281 165
29 1 674 19
30 1 21 280
31 1 752 125
33 1 521 326
34 1 979 247
6
1 1 278 165
29 1 680 22
30 1 3 283
31 1 749 127
33 1 523 328
34 1 995 265
6
1 1 281 163
29 1 684 25
30 1 -5 286
31 1 742 123
33 1 525 328
34 1 1014 280
6
1 1 282 165
29 1 686 25
30 1 -7 288
31 1 736 118
33 1 526 326
34 1 1046 274
6
1 1 285 166
29 1 693 25
30 1 -6 289
31 1 734 117
33 1 524 324
34 1 1025 241
6
1 1 289 164
29 1 698 23
30 1 -3 288
31 1 733 114
33 1 523 324
34 1 968 186
6
1 1 293 161
29 1 699 22
30 1 0 285
31 1 731 110
33 1 523 324
34 1 890 138
6
1 1 293 157
29 1 696 22
30 1 4 287
31 1 728 108
33 1 523 324
34 1 849 126
6
1 1 294 155
29 1 697 22
30 1 5 289
31 1 727 105
33 1 521 326
34 1 832 128
6
1 1 292 160
29 1 700 23
30 1 3 289
31 1 727 102
33 1 521 329
34 1 829 129
6
1 1 288 161
29 1 702 25
30 1 3 288
31 1 727 102
33 1 520 328
34 1 834 129
6
1 1 288 162
29 1 704 25
30 1 6 283
31 1 725 102
33 1 518 326
34 1 837 132
5
1 1 290 160
29 1 707 25
30 1 7 279
31 1 725 100
34 1 827 130
5
1 1 284 161
29 1 710 24
30 1 3 278
31 1 727 100
34 1 809 125
5
1 1 284 160
29 1 717 16
30 1 4 279
31 1 723 104
34 1 788 120
5
1 1 285 158
29 1 721 13
30 1 7 282
31 1 716 108
34 1 776 118
5
1 1 286 157
29 1 728 13
30 1 5 284
31 1 710 109
34 1 772 118
5
1 1 289 156
29 1 732 16
30 1 3 285
31 1 706 108
34 1 769 122
5
1 1 292 157
29 1 733 19
30 1 0 283
31 1 708 108
34 1 769 124
5
1 1 294 157
29 1 736 19
30 1 -1 277
31 1 710 107
34 1 777 127
5
1 1 302 156
29 1 737 19
30 1 -1 272
31 1 714 106
34 1 788 130
5
1 1 313 151
29 1 736 20
30 1 -1 270
31 1 713 100
34 1 802 129
5
1 1 322 146
29 1 735 18
30 1 -1 270
31 1 709 93
34 1 816 123
5
1 1 330 141
29 1 736 17
30 1 1 274
31 1 702 84
34 1 821 119
5
1 1 332 138
29 1 738 15
30 1 2 275
31 1 693 82
34 1 820 116
5
1 1 332 137
29 1 747 16
30 1 0 276
31 1 690 82
34 1 815 115
5
1 1 334 137
29 1 758 20
30 1 -1 277
31 1 691 82
34 1 802 119
5
1 1 331 139
29 1 764 24
30 1 0 275
31 1 692 81
34 1 788 126
5
1 1 330 140
29 1 767 23
30 1 1 274
31 1 688 82
34 1 778 130
5
1 1 329 140
29 1 770 24
30 1 0 274
31 1 683 83
34 1 777 129
5
1 1 329 141
29 1 773 24
30 1 -2 275
31 1 675 83
34 1 785 122
5
1 1 331 141
29 1 774 22
30 1 -4 275
31 1 669 82
34 1 790 119
5
1 1 334 140
29 1 775 21
30 1 -3 273
31 1 669 83
34 1 794 117
5
1 1 338 138
29 1 775 21
30 1 -4 272
31 1 669 83
34 1 794 115
5
1 1 343 136
29 1 776 25
30 1 -5 271
31 1 667 78
34 1 790 109
5
1 1 352 134
29 1 777 27
30 1 -4 272
31 1 663 74
34 1 786 106
5
1 1 357 133
29 1 778 27
30 1 -4 274
31 1 661 73
34 1 785 107
5
1 1 359 133
29 1 777 25
30 1 -4 274
31 1 658 74
34 1 783 111
5
1 1 359 132
29 1 777 25
30 1 -3 272
31 1 655 77
34 1 783 113
5
1 1 359 131
29 1 779 26
30 1 -3 272
31 1 653 78
34 1 785 112
5
1 1 360 129
29 1 784 26
30 1 -3 274
31 1 653 74
34 1 787 110
5
1 1 362 128
29 1 790 25
30 1 -2 276
31 1 652 71
34 1 785 110
4
1 1 365 129
29 1 793 24
31 1 648 75
34 1 785 111
4
1 1 363 130
29 1 792 21
31 1 642 80
34 1 783 112
4
1 1 363 130
29 1 791 20
31 1 636 82
34 1 784 112
5
1 1 360 129
29 1 789 20
31 1 632 81
34 1 787 111
40 1 805 17
5
1 1 360 126
29 1 788 20
31 1 632 78
34 1 787 110
35 1 805 17
5
1 1 367 124
29 1 789 21
31 1 631 79
34 1 785 109
35 1 805 17
5
1 1 370 125
29 1 792 22
31 1 629 80
34 1 780 108
35 1 806 17
5
1 1 370 124
29 1 792 24
31 1 628 74
34 1 772 105
35 1 811 16
5
1 1 372 122
29 1 789 25
31 1 626 67
34 1 757 99
35 1 816 16
5
1 1 379 119
29 1 787 25
31 1 623 63
34 1 745 97
35 1 823 15
5
1 1 389 119
29 1 787 24
31 1 618 65
34 1 742 97
35 1 837 18
5
1 1 397 117
29 1 786 23
31 1 614 66
34 1 742 97
35 1 853 22
5
1 1 398 115
29 1 785 21
31 1 613 66
34 1 741 98
35 1 864 24
5
1 1 393 112
29 1 785 20
31 1 612 65
34 1 739 101
35 1 869 24
5
1 1 392 111
29 1 785 20
31 1 608 66
34 1 737 103
35 1 872 22
5
1 1 391 110
29 1 786 20
31 1 604 69
34 1 732 102
35 1 870 22
4
1 1 394 110
31 1 599 71
34 1 734 99
35 1 865 20
4
1 1 395 112
31 1 595 72
34 1 734 97
35 1 860 17
4
1 1 402 112
31 1 593 73
34 1 731 98
35 1 855 19
4
1 1 405 113
31 1 591 71
34 1 729 99
35 1 853 21
4
1 1 404 114
31 1 590 68
34 1 727 101
35 1 853 22
4
1 1 409 113
31 1 587 65
34 1 725 100
35 1 856 21
4
1 1 413 111
31 1 585 63
34 1 722 97
35 1 861 21
4
1 1 415 106
31 1 584 62
34 1 716 94
35 1 863 21
4
1 1 421 104
31 1 584 65
34 1 712 95
35 1 861 22
4
1 1 424 101
31 1 583 66
34 1 711 96
35 1 866 21
4
1 1 427 101
31 1 582 64
34 1 714 96
35 1 878 20
4
1 1 429 106
31 1 581 61
34 1 718 97
35 1 894 19
4
1 1 432 109
31 1 575 61
34 1 719 99
35 1 902 18
4
1 1 435 106
31 1 570 64
34 1 716 99
35 1 905 17
4
1 1 436 102
31 1 566 66
34 1 714 94
35 1 899 12
4
1 1 435 98
31 1 563 67
34 1 706 84
35 1 895 7
4
1 1 434 96
31 1 562 67
34 1 702 80
35 1 892 6
4
1 1 431 97
31 1 563 65
34 1 703 80
35 1 893 13
4
1 1 430 95
31 1 562 64
34 1 707 79
35 1 894 21
4
1 1 430 91
31 1 557 61
34 1 705 79
35 1 896 22
4
1 1 429 93
31 1 552 58
34 1 703 78
35 1 901 19
4
1 1 428 95
31 1 547 58
34 1 698 81
35 1 908 16
4
1 1 427 98
31 1 545 60
34 1 692 84
35 1 904 15
4
1 1 431 99
31 1 545 63
34 1 689 85
35 1 897 16
4
1 1 444 97
31 1 544 66
34 1 689 84
35 1 905 16
4
1 1 456 92
31 1 544 64
34 1 689 82
35 1 923 15
4
1 1 462 89
31 1 544 61
34 1 690 83
35 1 940 16
4
1 1 464 90
31 1 541 58
34 1 691 82
35 1 946 17
4
1 1 462 93
31 1 537 57
34 1 691 83
35 1 946 17
4
1 1 459 96
31 1 532 57
34 1 689 89
35 1 942 18
4
1 1 460 100
31 1 531 56
34 1 687 93
35 1 932 21
4
1 1 463 102
31 1 528 58
34 1 685 92
35 1 927 22
4
1 1 468 100
31 1 525 59
34 1 680 89
35 1 933 20
4
1 1 473 98
31 1 519 60
34 1 674 84
35 1 944 17
4
1 1 469 94
31 1 514 56
34 1 676 84
35 1 964 13
4
1 1 472 95
31 1 510 54
34 1 677 85
35 1 973 11
4
1 1 478 96
31 1 505 55
34 1 675 88
35 1 977 9
4
1 1 482 95
31 1 504 59
34 1 671 89
35 1 978 7
4
1 1 486 96
31 1 502 61
34 1 668 87
35 1 979 6
4
1 1 490 96
31 1 506 59
34 1 665 85
35 1 978 7
4
1 1 491 95
31 1 507 59
34 1 659 83
35 1 973 10
4
1 1 491 93
31 1 506 61
34 1 655 79
35 1 974 12
4
1 1 488 92
31 1 506 63
34 1 653 76
35 1 974 12
4
1 1 487 91
31 1 505 63
34 1 656 78
35 1 974 12
4
1 1 489 93
31 1 497 61
34 1 658 78
35 1 971 10
4
1 1 489 98
31 1 484 55
34 1 659 80
35 1 971 10
4
1 1 491 101
31 1 477 47
34 1 660 81
35 1 973 11
4
1 1 494 99
31 1 470 46
34 1 661 81
35 1 978 11
4
1 1 496 93
31 1 468 47
34 1 657 80
35 1 984 11
4
1 1 495 89
31 1 465 50
34 1 654 83
35 1 988 10
4
1 1 494 89
31 1 466 56
34 1 649 84
35 1 992 10
4
1 1 502 88
31 1 463 58
34 1 644 83
35 1 997 11
4
1 1 505 88
31 1 459 60
34 1 644 80
35 1 999 13
4
1 1 513 88
31 1 459 58
34 1 644 79
35 1 1000 13
4
1 1 523 83
31 1 459 57
34 1 641 79
35 1 997 13
4
1 1 527 76
31 1 459 58
34 1 635 81
35 1 995 14
4
1 1 525 73
31 1 459 58
34 1 632 84
35 1 994 15
4
1 1 521 74
31 1 458 57
34 1 630 79
35 1 995 14
4
1 1 522 77
31 1 452 59
34 1 631 68
35 1 997 14
4
1 1 526 77
31 1 446 61
34 1 633 63
35 1 1000 14
4
1 1 527 73
31 1 439 63
34 1 634 61
35 1 1000 14
4
1 1 528 72
31 1 432 63
34 1 632 64
35 1 1000 15
4
1 1 529 74
31 1 432 63
34 1 631 71
35 1 1000 14
4
1 1 526 77
31 1 432 62
34 1 629 76
35 1 1003 13
4
1 1 523 77
31 1 430 62
34 1 627 77
35 1 1006 13
4
1 1 523 75
31 1 427 64
34 1 625 75
35 1 1007 12
4
1 1 523 71
31 1 426 68
34 1 622 72
35 1 1007 13
4
1 1 526 69
31 1 424 68
34 1 619 71
35 1 1009 13
4
1 1 528 69
31 1 422 68
34 1 617 72
35 1 1008 13
5
1 1 539 66
31 1 418 67
34 1 614 74
35 1 1007 13
41 1 856 59
5
1 1 552 61
31 1 415 65
34 1 612 73
35 1 1007 14
36 1 856 59
5
1 1 558 57
31 1 412 64
34 1 612 73
35 1 1008 14
36 1 856 59
5
1 1 561 57
31 1 412 64
34 1 610 75
35 1 1008 15
36 1 857 60
5
1 1 561 58
31 1 409 64
34 1 609 77
35 1 1008 14
36 1 856 61
5
1 1 559 60
31 1 402 64
34 1 610 79
35 1 1010 14
36 1 863 61
5
1 1 556 61
31 1 395 65
34 1 609 81
35 1 1008 13
36 1 880 59
5
1 1 557 62
31 1 391 66
34 1 608 81
35 1 1005 12
36 1 899 58
5
1 1 560 62
31 1 390 68
34 1 608 80
35 1 1003 12
36 1 903 56
5
1 1 562 62
31 1 388 70
34 1 608 78
35 1 1005 12
36 1 898 54
5
1 1 560 61
31 1 385 71
34 1 609 76
35 1 1007 11
36 1 888 52
5
1 1 556 56
31 1 381 71
34 1 607 77
35 1 1008 10
36 1 884 52
4
1 1 555 56
31 1 382 71
34 1 602 77
36 1 890 56
4
1 1 558 56
31 1 380 74
34 1 599 75
36 1 893 60
4
1 1 562 57
31 1 379 75
34 1 597 71
36 1 891 63
4
1 1 566 56
31 1 378 75
34 1 598 71
36 1 889 63
4
1 1 573 53
31 1 378 76
34 1 594 69
36 1 888 63
4
1 1 588 45
31 1 376 78
34 1 588 72
36 1 886 64
4
1 1 598 39
31 1 371 81
34 1 583 72
36 1 884 66
4
1 1 601 35
31 1 365 81
34 1 578 73
36 1 884 68
4
1 1 599 31
31 1 361 80
34 1 576 75
36 1 884 67
4
1 1 591 31
31 1 358 78
34 1 577 75
36 1 885 66
4
1 1 583 33
31 1 353 79
34 1 575 72
36 1 885 65
4
1 1 580 35
31 1 348 82
34 1 575 70
36 1 886 65
4
1 1 585 36
31 1 343 85
34 1 575 71
36 1 886 64
4
1 1 586 36
31 1 341 83
34 1 573 71
36 1 887 62
3
1 1 580 34
31 1 341 82
34 1 573 70
3
1 1 571 35
31 1 341 82
34 1 572 70
3
1 1 566 36
31 1 340 82
34 1 573 69
3
1 1 567 33
31 1 343 81
34 1 571 68
3
1 1 574 29
31 1 344 82
34 1 569 69
3
1 1 591 25
31 1 343 83
34 1 568 72
3
1 1 607 23
31 1 338 83
34 1 568 77
3
1 1 619 27
31 1 329 84
34 1 566 79
3
1 1 624 30
31 1 319 85
34 1 567 75
3
1 1 622 30
31 1 315 85
34 1 570 71
3
1 1 614 28
31 1 315 87
34 1 569 68
3
1 1 612 30
31 1 315 89
34 1 567 66
3
1 1 616 31
31 1 314 90
34 1 561 65
3
1 1 622 23
31 1 313 89
34 1 545 66
3
1 1 627 20
31 1 311 89
34 1 533 67
3
1 1 629 16
31 1 312 93
34 1 529 68
3
1 1 631 15
31 1 310 95
34 1 527 68
3
1 1 633 17
31 1 307 94
34 1 526 69
3
1 1 633 22
31 1 307 91
34 1 528 67
3
1 1 635 26
31 1 308 91
34 1 533 66
3
1 1 638 24
31 1 304 93
34 1 536 67
3
1 1 641 23
31 1 297 93
34 1 534 70
3
1 1 641 16
31 1 291 95
34 1 534 72
3
1 1 642 10
31 1 287 98
34 1 533 71
3
1 1 645 8
31 1 284 102
34 1 533 70
3
1 1 646 13
31 1 283 103
34 1 534 69
3
1 1 647 13
31 1 280 101
34 1 535 68
3
1 1 650 16
31 1 278 99
34 1 535 68
3
1 1 655 20
31 1 276 97
34 1 534 70
3
1 1 661 23
31 1 273 98
34 1 532 71
3
1 1 666 21
31 1 270 100
34 1 523 67
3
1 1 671 18
31 1 269 101
34 1 509 61
3
1 1 674 16
31 1 272 98
34 1 502 59
3
1 1 675 17
31 1 275 97
34 1 502 59
3
1 1 674 17
31 1 273 98
34 1 506 57
3
1 1 670 18
31 1 264 99
34 1 511 56
3
1 1 671 20
31 1 250 102
34 1 515 57
3
1 1 676 18
31 1 240 104
34 1 512 61
3
1 1 680 14
31 1 236 103
34 1 505 62
3
1 1 680 12
31 1 231 102
34 1 501 61
3
1 1 681 9
31 1 228 102
34 1 499 63
3
1 1 681 9
31 1 229 107
34 1 496 63
3
1 1 681 11
31 1 234 111
34 1 494 63
3
1 1 684 13
31 1 234 109
34 1 495 60
3
1 1 684 14
31 1 231 106
34 1 496 57
3
1 1 685 15
31 1 225 107
34 1 498 58
3
1 1 686 14
31 1 221 108
34 1 498 59
3
1 1 687 13
31 1 224 110
34 1 493 59
3
1 1 688 12
31 1 225 111
34 1 485 58
3
1 1 688 11
31 1 225 110
34 1 478 59
3
1 1 689 13
31 1 225 110
34 1 477 61
3
1 1 691 13
31 1 225 112
34 1 477 63
3
1 1 694 12
31 1 221 115
34 1 477 62
3
1 1 693 13
31 1 220 111
34 1 478 62
3
1 1 702 14
31 1 219 109
34 1 479 60
3
1 1 714 14
31 1 210 111
34 1 478 59
3
1 1 724 12
31 1 199 115
34 1 476 61
3
1 1 731 11
31 1 194 117
34 1 474 62
3
1 1 733 14
31 1 193 117
34 1 472 62
3
1 1 727 18
31 1 193 117
34 1 470 60
3
1 1 719 20
31 1 194 117
34 1 470 59
3
1 1 718 21
31 1 194 114
34 1 468 55
3
1 1 719 23
31 1 192 112
34 1 466 56
3
1 1 719 19
31 1 192 111
34 1 466 59
3
1 1 721 10
31 1 193 113
34 1 469 62
3
1 1 723 7
31 1 190 115
34 1 469 66
3
1 1 726 7
31 1 190 116
34 1 469 63
3
1 1 727 9
31 1 194 118
34 1 470 61
3
1 1 734 12
31 1 196 119
34 1 465 58
3
1 1 744 14
31 1 190 119
34 1 457 54
3
1 1 752 18
31 1 181 121
34 1 449 50
3
1 1 756 19
31 1 168 122
34 1 443 47
3
1 1 759 18
31 1 161 121
34 1 441 45
3
1 1 761 16
31 1 157 119
34 1 440 45
3
1 1 759 20
31 1 152 120
34 1 442 45
3
1 1 758 22
31 1 148 122
34 1 443 44
3
1 1 757 21
31 1 145 125
34 1 443 45
3
1 1 756 20
31 1 149 126
34 1 447 46
3
1 1 756 20
31 1 154 127
34 1 450 51
3
1 1 761 20
31 1 155 128
34 1 451 55
3
1 1 768 18
31 1 150 132
34 1 445 57
3
1 1 770 16
31 1 145 134
34 1 439 56
3
1 1 776 12
31 1 141 135
34 1 433 57
3
1 1 782 7
31 1 139 134
34 1 428 58
3
1 1 784 4
31 1 133 138
34 1 425 58
3
1 1 786 3
31 1 126 139
34 1 426 56
3
1 1 787 4
31 1 126 135
34 1 427 54
3
1 1 789 5
31 1 131 133
34 1 425 52
3
1 1 788 5
31 1 131 133
34 1 422 55
3
1 1 787 3
31 1 128 134
34 1 417 62
3
1 1 784 7
31 1 123 135
34 1 415 65
3
1 1 781 9
31 1 116 137
34 1 415 64
3
1 1 780 11
31 1 111 138
34 1 417 61
4
1 1 785 11
31 1 110 136
34 1 415 60
42 1 831 252
4
1 1 797 11
31 1 106 133
34 1 413 60
37 1 831 252
4
1 1 809 8
31 1 100 134
34 1 413 60
37 1 831 252
4
1 1 812 3
31 1 100 133
34 1 410 59
37 1 828 251
4
1 1 813 1
31 1 98 132
34 1 409 59
37 1 821 250
4
1 1 814 1
31 1 94 133
34 1 408 59
37 1 815 248
4
1 1 811 2
31 1 92 137
34 1 407 61
37 1 818 245
4
1 1 819 3
31 1 91 141
34 1 409 62
37 1 820 245
4
1 1 820 3
31 1 89 145
34 1 412 63
37 1 823 243
4
1 1 822 1
31 1 86 147
34 1 411 62
37 1 822 242
4
1 1 820 4
31 1 81 145
34 1 407 60
37 1 809 239
4
1 1 824 7
31 1 77 144
34 1 395 59
37 1 806 236
4
1 1 829 9
31 1 79 142
34 1 386 58
37 1 794 232
4
1 1 840 9
31 1 82 139
34 1 380 58
37 1 801 224
4
1 1 850 8
31 1 82 138
34 1 378 57
37 1 810 218
4
1 1 850 7
31 1 79 139
34 1 379 56
37 1 825 210
4
1 1 846 7
31 1 74 144
34 1 378 55
37 1 829 207
4
1 1 841 10
31 1 69 149
34 1 377 56
37 1 827 207
4
1 1 838 11
31 1 68 150
34 1 378 57
37 1 819 211
4
1 1 837 12
31 1 67 147
34 1 380 62
37 1 815 213
4
1 1 835 11
31 1 63 143
34 1 378 63
37 1 812 213
4
1 1 834 9
31 1 58 142
34 1 376 64
37 1 812 214
4
1 1 837 10
31 1 54 142
34 1 370 65
37 1 815 215
4
1 1 843 11
31 1 52 142
34 1 364 65
37 1 813 214
4
1 1 854 13
31 1 48 142
34 1 363 64
37 1 812 211
4
1 1 868 14
31 1 42 145
34 1 362 66
37 1 805 209
4
1 1 877 10
31 1 36 147
34 1 360 70
37 1 782 213
4
1 1 878 7
31 1 35 145
34 1 358 72
37 1 783 209
4
1 1 871 8
31 1 41 143
34 1 357 72
37 1 788 203
4
1 1 868 14
31 1 42 144
34 1 353 70
37 1 793 196
4
1 1 870 23
31 1 39 147
34 1 349 68
37 1 794 188
4
1 1 863 26
31 1 40 148
34 1 346 69
37 1 795 184
4
1 1 844 26
31 1 35 149
34 1 346 70
37 1 801 185
4
1 1 833 24
31 1 27 150
34 1 348 68
37 1 806 186
4
1 1 830 25
31 1 18 150
34 1 350 67
37 1 809 185
4
1 1 830 26
31 1 13 148
34 1 348 66
37 1 813 184
4
1 1 835 26
31 1 11 147
34 1 345 67
37 1 814 183
4
1 1 852 26
31 1 10 145
34 1 344 68
37 1 807 186
4
1 1 880 27
31 1 9 144
34 1 343 70
37 1 802 187
4
1 1 900 33
31 1 10 146
34 1 341 71
37 1 800 184
4
1 1 911 32
31 1 11 146
34 1 342 69
37 1 802 179
4
1 1 920 34
31 1 10 147
34 1 343 68
37 1 799 177
4
1 1 911 34
31 1 7 150
34 1 335 69
37 1 801 177
4
1 1 904 32
31 1 6 150
34 1 333 71
37 1 791 179
4
1 1 907 34
31 1 9 150
34 1 328 71
37 1 781 178
4
1 1 915 38
31 1 10 152
34 1 322 71
37 1 772 177
4
1 1 927 39
31 1 10 153
34 1 316 70
37 1 773 176
4
1 1 934 39
31 1 9 151
34 1 311 70
37 1 778 171
4
1 1 933 42
31 1 7 150
34 1 309 70
37 1 797 159
4
1 1 931 46
31 1 3 147
34 1 309 71
37 1 808 151
4
1 1 926 51
31 1 1 147
34 1 314 71
37 1 811 146
4
1 1 924 54
31 1 2 149
34 1 314 72
37 1 811 145
4
1 1 925 53
31 1 4 149
34 1 312 75
37 1 804 147
4
1 1 923 54
31 1 4 145
34 1 310 78
37 1 799 150
4
1 1 926 53
31 1 0 145
34 1 305 78
37 1 799 151
4
1 1 932 51
31 1 0 146
34 1 303 80
37 1 803 152
4
1 1 933 52
31 1 0 147
34 1 302 81
37 1 800 151
4
1 1 929 55
31 1 0 146
34 1 303 80
37 1 799 148
4
1 1 935 56
31 1 1 145
34 1 303 80
37 1 795 146
4
1 1 955 56
31 1 0 146
34 1 300 81
37 1 794 144
4
1 1 947 58
31 1 5 133
34 1 294 83
37 1 794 144
4
1 1 967 61
31 1 7 125
34 1 288 87
37 1 794 142
4
1 1 992 58
31 1 5 124
34 1 285 87
37 1 796 140
4
1 1 996 58
31 1 1 128
34 1 282 85
37 1 803 136
4
1 1 989 62
31 1 0 133
34 1 282 87
37 1 815 129
4
1 1 963 70
31 1 -1 134
34 1 282 86
37 1 828 120
4
1 1 954 75
31 1 -1 134
34 1 280 87
37 1 835 116
4
1 1 940 82
31 1 -1 132
34 1 280 89
37 1 833 114
4
1 1 931 89
31 1 -2 130
34 1 282 87
37 1 821 115
4
1 1 936 92
31 1 -2 128
34 1 280 88
37 1 806 115
4
1 1 951 92
31 1 -2 127
34 1 275 87
37 1 798 116
4
1 1 959 93
31 1 0 128
34 1 270 85
37 1 793 117
4
1 1 960 95
31 1 3 128
34 1 268 86
37 1 785 124
4
1 1 957 96
31 1 5 127
34 1 270 89
37 1 794 122
4
1 1 950 96
31 1 5 128
34 1 273 90
37 1 791 124
4
1 1 957 99
31 1 6 130
34 1 274 89
37 1 791 121
4
1 1 968 101
31 1 4 132
34 1 274 91
37 1 794 119
4
1 1 963 102
31 1 1 132
34 1 270 91
37 1 793 118
4
1 1 970 103
31 1 1 132
34 1 259 91
37 1 786 119
4
1 1 956 105
31 1 2 130
34 1 245 94
37 1 779 118
4
1 1 966 108
31 1 0 129
34 1 237 95
37 1 778 115
4
1 1 976 110
31 1 -3 132
34 1 236 96
37 1 784 112
3
1 1 978 109
34 1 233 97
37 1 798 106
3
1 1 984 110
34 1 234 95
37 1 814 98
3
1 1 991 110
34 1 239 95
37 1 827 89
3
1 1 996 111
34 1 246 99
37 1 830 82
3
1 1 996 113
34 1 246 102
37 1 823 77
3
1 1 993 115
34 1 242 104
37 1 809 81
3
1 1 991 116
34 1 236 107
37 1 797 88
3
1 1 986 118
34 1 232 104
37 1 788 94
3
1 1 980 121
34 1 228 103
37 1 782 96
3
1 1 974 125
34 1 224 105
37 1 772 97
3
1 1 970 128
34 1 222 107
37 1 758 97
3
1 1 973 129
34 1 224 106
37 1 748 96
3
1 1 979 128
34 1 227 104
37 1 741 95
3
1 1 987 136
34 1 230 103
37 1 743 94
3
1 1 992 148
34 1 232 103
37 1 752 94
3
1 1 996 157
34 1 232 104
37 1 758 91
3
1 1 997 161
34 1 233 107
37 1 761 90
3
1 1 997 160
34 1 232 108
37 1 761 87
3
1 1 995 156
34 1 224 111
37 1 761 87
3
1 1 990 159
34 1 207 114
37 1 754 89
3
1 1 982 160
34 1 196 117
37 1 744 86
3
1 1 981 164
34 1 192 119
37 1 736 81
3
1 1 987 166
34 1 189 123
37 1 731 81
3
1 1 993 168
34 1 193 124
37 1 733 78
3
1 1 992 171
34 1 202 124
37 1 733 75
3
1 1 991 175
34 1 213 120
37 1 732 75
3
1 1 980 181
34 1 216 121
37 1 733 75
3
1 1 963 188
34 1 214 123
37 1 734 77
3
1 1 961 190
34 1 209 127
37 1 734 80
3
1 1 967 192
34 1 203 132
37 1 732 82
3
1 1 981 190
34 1 205 131
37 1 727 84
3
1 1 994 188
34 1 211 126
37 1 729 83
3
1 1 998 188
34 1 209 127
37 1 732 79
3
1 1 999 190
34 1 205 130
37 1 735 75
3
1 1 999 191
34 1 202 134
37 1 734 76
3
1 1 999 190
34 1 197 137
37 1 728 77
3
1 1 999 192
34 1 195 138
37 1 717 74
3
1 1 999 193
34 1 181 145
37 1 711 76
3
1 1 1000 195
34 1 179 143
37 1 709 81
3
1 1 1000 196
34 1 182 137
37 1 709 79
3
1 1 999 196
34 1 192 131
37 1 709 72
3
1 1 998 195
34 1 202 129
37 1 706 64
3
1 1 996 192
34 1 205 129
37 1 705 64
3
1 1 997 192
34 1 208 129
37 1 704 65
3
1 1 999 194
34 1 212 128
37 1 704 66
3
1 1 999 196
34 1 217 125
37 1 702 66
3
1 1 999 197
34 1 213 129
37 1 699 66
3
1 1 999 195
34 1 201 144
37 1 697 67
3
1 1 999 194
34 1 183 169
37 1 693 67
3
1 1 999 193
34 1 172 185
37 1 690 65
3
1 1 999 192
34 1 166 195
37 1 688 65
3
1 1 999 193
34 1 161 197
37 1 687 64
3
1 1 999 194
34 1 158 198
37 1 687 63
2
34 1 160 193
37 1 687 65
2
34 1 167 190
37 1 686 64
2
34 1 174 187
37 1 685 61
2
34 1 174 187
37 1 681 58
2
34 1 168 189
37 1 679 58
2
34 1 159 191
37 1 678 58
2
34 1 154 192
37 1 679 59
2
34 1 158 193
37 1 679 60
2
34 1 160 192
37 1 674 62
2
34 1 161 191
37 1 667 66
2
34 1 163 192
37 1 661 69
2
34 1 167 193
37 1 659 69
2
34 1 174 194
37 1 662 68
2
34 1 170 203
37 1 663 66
2
34 1 164 212
37 1 664 62
2
34 1 155 220
37 1 665 62
2
34 1 152 224
37 1 664 63
2
34 1 155 225
37 1 657 64
2
34 1 160 223
37 1 650 65
2
34 1 160 225
37 1 643 62
2
34 1 154 227
37 1 637 59
2
34 1 148 232
37 1 634 57
2
34 1 140 232
37 1 632 55
2
34 1 138 231
37 1 636 53
2
34 1 137 233
37 1 640 53
2
34 1 140 235
37 1 640 56
2
34 1 140 235
37 1 635 61
2
34 1 141 232
37 1 629 61
2
34 1 145 234
37 1 627 61
2
34 1 143 238
37 1 625 59
2
34 1 140 246
37 1 623 56
2
34 1 137 254
37 1 622 56
2
34 1 137 256
37 1 619 57
2
34 1 146 255
37 1 615 59
2
34 1 156 253
37 1 610 59
2
34 1 154 255
37 1 608 59
2
34 1 144 261
37 1 606 60
2
34 1 132 267
37 1 604 59
2
34 1 129 266
37 1 603 59
2
34 1 123 267
37 1 601 59
2
34 1 126 266
37 1 603 58
2
34 1 131 267
37 1 600 58
2
34 1 133 268
37 1 597 56
2
34 1 136 274
37 1 594 56
2
34 1 140 278
37 1 593 59
2
34 1 149 282
37 1 596 62
2
34 1 160 284
37 1 598 62
2
34 1 164 284
37 1 597 61
2
34 1 162 284
37 1 595 60
2
34 1 156 287
37 1 595 58
2
34 1 146 292
37 1 593 59
2
34 1 129 297
37 1 588 57
2
34 1 118 302
37 1 579 56
2
34 1 115 304
37 1 568 56
2
34 1 115 304
37 1 560 57
2
34 1 116 306
37 1 556 57
2
34 1 122 306
37 1 556 59
2
34 1 126 307
37 1 556 61
2
34 1 123 305
37 1 557 60
2
34 1 121 309
37 1 559 58
2
34 1 120 315
37 1 555 58
2
34 1 127 318
37 1 552 59
2
34 1 126 321
37 1 556 60
2
34 1 131 323
37 1 554 60
2
34 1 128 326
37 1 554 59
2
34 1 119 333
37 1 554 57
2
34 1 114 337
37 1 549 57
2
34 1 113 337
37 1 539 56
2
34 1 113 335
37 1 531 57
2
34 1 115 335
37 1 528 59
2
34 1 115 334
37 1 527 63
2
34 1 116 333
37 1 524 64
2
34 1 109 332
37 1 524 64
2
34 1 109 335
37 1 524 65
2
34 1 103 345
37 1 524 65
2
34 1 101 357
37 1 525 65
2
34 1 103 359
37 1 523 61
2
34 1 100 363
37 1 522 58
2
34 1 86 368
37 1 520 58
2
34 1 84 370
37 1 520 57
2
34 1 90 372
37 1 520 56
2
34 1 103 373
37 1 520 55
2
34 1 106 373
37 1 519 56
2
34 1 110 371
37 1 515 57
2
34 1 103 371
37 1 511 59
2
34 1 96 373
37 1 501 56
2
34 1 96 373
37 1 492 51
2
34 1 100 371
37 1 488 53
2
34 1 99 373
37 1 486 57
2
34 1 87 379
37 1 485 59
2
34 1 78 384
37 1 485 58
2
34 1 81 387
37 1 484 56
2
34 1 94 389
37 1 484 56
2
34 1 112 389
37 1 483 56
2
34 1 123 387
37 1 483 56
2
34 1 126 384
37 1 483 56
3
34 1 126 382
37 1 483 57
43 1 13 279
3
34 1 126 384
37 1 476 58
38 1 13 279
3
34 1 126 387
37 1 470 59
38 1 13 279
3
34 1 124 388
37 1 462 60
38 1 14 280
3
34 1 121 389
37 1 456 60
38 1 18 280
3
34 1 121 387
37 1 456 59
38 1 28 279
3
34 1 121 386
37 1 456 59
38 1 42 276
3
34 1 122 385
37 1 454 60
38 1 49 277
3
34 1 123 384
37 1 456 60
38 1 50 281
3
34 1 123 383
37 1 456 61
38 1 48 285
3
34 1 123 383
37 1 455 61
38 1 55 286
3
34 1 120 386
37 1 454 60
38 1 59 290
3
34 1 118 386
37 1 454 59
38 1 64 291
3
34 1 117 386
37 1 451 59
38 1 70 293
3
34 1 117 385
37 1 446 57
38 1 77 294
3
34 1 118 384
37 1 446 58
38 1 82 295
3
34 1 119 384
37 1 446 59
38 1 91 294
2
37 1 443 59
38 1 100 290
2
37 1 433 58
38 1 107 285
2
37 1 423 57
38 1 119 278
2
37 1 421 58
38 1 131 276
2
37 1 423 60
38 1 134 281
2
37 1 425 63
38 1 134 281
2
37 1 426 63
38 1 136 280
2
37 1 426 59
38 1 143 285
2
37 1 424 56
38 1 152 288
2
37 1 421 52
38 1 162 288
2
37 1 419 53
38 1 173 286
2
37 1 413 61
38 1 182 284
2
37 1 406 67
38 1 188 285
2
37 1 404 66
38 1 191 286
2
37 1 408 60
38 1 193 285
2
37 1 410 57
38 1 190 285
2
37 1 409 58
38 1 187 287
2
37 1 403 61
38 1 194 286
2
37 1 395 64
38 1 208 285
2
37 1 389 63
38 1 228 283
2
37 1 385 63
38 1 233 282
2
37 1 382 64
38 1 230 281
2
37 1 381 64
38 1 230 281
2
37 1 386 65
38 1 239 284
2
37 1 388 65
38 1 254 289
2
37 1 386 66
38 1 265 291
2
37 1 381 66
38 1 272 293
2
37 1 381 64
38 1 277 295
2
37 1 380 64
38 1 275 296
2
37 1 376 66
38 1 273 297
2
37 1 373 68
38 1 273 296
2
37 1 373 68
38 1 276 291
2
37 1 375 65
38 1 286 288
2
37 1 370 63
38 1 302 287
2
37 1 362 64
38 1 310 287
2
37 1 359 68
38 1 307 289
2
37 1 357 71
38 1 307 291
2
37 1 354 74
38 1 315 295
2
37 1 349 74
38 1 330 298
2
37 1 346 72
38 1 345 295
2
37 1 344 70
38 1 356 292
2
37 1 344 73
38 1 362 290
2
37 1 346 75
38 1 365 290
2
37 1 346 77
38 1 363 295
2
37 1 342 76
38 1 359 301
2
37 1 337 75
38 1 357 305
2
37 1 332 78
38 1 358 302
2
37 1 329 82
38 1 368 299
2
37 1 326 82
38 1 379 299
2
37 1 325 81
38 1 385 300
2
37 1 324 83
38 1 387 299
2
37 1 323 84
38 1 397 296
2
37 1 320 85
38 1 407 296
2
37 1 317 85
38 1 416 297
2
37 1 315 85
38 1 426 299
2
37 1 313 86
38 1 430 304
2
37 1 313 86
38 1 435 305
2
37 1 313 85
38 1 440 304
2
37 1 312 83
38 1 445 301
2
37 1 312 83
38 1 449 301
2
37 1 310 84
38 1 449 302
2
37 1 305 86
38 1 448 308
2
37 1 298 86
38 1 449 310
2
37 1 299 86
38 1 460 310
2
37 1 307 86
38 1 474 309
2
37 1 312 88
38 1 477 309
2
37 1 308 89
38 1 477 309
2
37 1 301 89
38 1 481 311
2
37 1 292 89
38 1 486 313
2
37 1 284 90
38 1 495 314
2
37 1 280 92
38 1 505 315
2
37 1 280 94
38 1 508 316
2
37 1 281 94
38 1 511 316
2
37 1 282 94
38 1 512 318
2
37 1 284 95
38 1 513 318
2
37 1 284 95
38 1 516 318
2
37 1 281 97
38 1 521 317
2
37 1 280 96
38 1 531 316
2
37 1 280 93
38 1 539 319
2
37 1 280 92
38 1 546 324
2
37 1 278 91
38 1 552 327
2
37 1 276 91
38 1 557 327
2
37 1 274 93
38 1 559 322
2
37 1 272 97
38 1 563 318
2
37 1 265 101
38 1 570 313
2
37 1 255 105
38 1 578 311
2
37 1 246 108
38 1 584 313
2
37 1 240 105
38 1 587 315
2
37 1 238 102
38 1 590 316
2
37 1 241 103
38 1 591 319
2
37 1 239 105
38 1 590 320
2
37 1 240 106
38 1 590 320
2
37 1 242 106
38 1 592 319
2
37 1 239 107
38 1 594 318
0
